D:\Mindustry-Server\boing\src
D:\Mindustry-Server\boing\src
Connected to Discord ... Ready! 
[06-04-2021 16:06:12] [I] Server loaded. Type 'help' for help.
D:\Mindustry-Server\boing\src
D:\Mindustry-Server\boing\src
Connected to Discord ... Ready! 
[06-04-2021 16:07:06] [I] Server loaded. Type 'help' for help.
D:\Mindustry-Server\boing\src
D:\Mindustry-Server\boing\src
[06-05-2021 15:09:24] [I] Server loaded. Type 'help' for help.
D:\Mindustry-Server\boing\src
D:\Mindustry-Server\boing\src
[06-05-2021 16:38:14] [I] Server loaded. Type 'help' for help.
D:\Mindustry-Server\boing\src
D:\Mindustry-Server\boing\src
D:\Mindustry-Server\boing\src
D:\Mindustry-Server\boing\src
[06-06-2021 17:50:58] [I] Server loaded. Type 'help' for help.
D:\Mindustry-Server\boing\src
D:\Mindustry-Server\boing\src
D:\Mindustry-Server\boing\src
D:\Mindustry-Server\boing\src
java.lang.RuntimeException: Error opening selector.
	at arc.net.Client.<init>(Client.java:72)
	at mindustry.net.ArcNetProvider.<init>(ArcNetProvider.java:34)
	at mindustry.core.Platform.getNet(Platform.java:53)
	at mindustry.server.ServerLauncher.main(ServerLauncher.java:29)
Caused by: java.io.IOException: Unable to establish loopback connection
	at java.base/sun.nio.ch.PipeImpl$Initializer.run(PipeImpl.java:94)
	at java.base/sun.nio.ch.PipeImpl$Initializer.run(PipeImpl.java:61)
	at java.base/java.security.AccessController.doPrivileged(AccessController.java:554)
	at java.base/sun.nio.ch.PipeImpl.<init>(PipeImpl.java:171)
	at java.base/sun.nio.ch.SelectorProviderImpl.openPipe(SelectorProviderImpl.java:60)
	at java.base/java.nio.channels.Pipe.open(Pipe.java:155)
	at java.base/sun.nio.ch.WindowsSelectorImpl.<init>(WindowsSelectorImpl.java:142)
	at java.base/sun.nio.ch.WindowsSelectorProvider.openSelector(WindowsSelectorProvider.java:44)
	at java.base/java.nio.channels.Selector.open(Selector.java:295)
	at arc.net.Client.<init>(Client.java:70)
	... 3 more
Caused by: java.net.SocketException: Unrecognized Windows Sockets error: 19: socket
	at java.base/sun.nio.ch.Net.socket0(Native Method)
	at java.base/sun.nio.ch.Net.serverSocket(Net.java:529)
	at java.base/sun.nio.ch.ServerSocketChannelImpl.<init>(ServerSocketChannelImpl.java:122)
	at java.base/sun.nio.ch.ServerSocketChannelImpl.<init>(ServerSocketChannelImpl.java:104)
	at java.base/sun.nio.ch.SelectorProviderImpl.openServerSocketChannel(SelectorProviderImpl.java:68)
	at java.base/java.nio.channels.ServerSocketChannel.open(ServerSocketChannel.java:115)
	at java.base/sun.nio.ch.PipeImpl$Initializer$LoopbackConnector.run(PipeImpl.java:120)
	at java.base/sun.nio.ch.PipeImpl$Initializer.run(PipeImpl.java:76)
	... 12 more

Failed to save local crash report.: java.lang.NullPointerException: Cannot invoke "mindustry.mod.Mods.list()" because "mindustry.Vars.mods" is null
	at mindustry.net.CrashSender.createReport(CrashSender.java:29)
	at mindustry.net.CrashSender.send(CrashSender.java:92)
	at mindustry.server.ServerLauncher.main(ServerLauncher.java:37)

Sending crash report.
D:\Mindustry-Server\boing\src
D:\Mindustry-Server\boing\src
Connected to Discord ... Ready! 
[06-07-2021 08:09:09] [I] Server loaded. Type 'help' for help.
D:\Mindustry-Server\boing\src
D:\Mindustry-Server\boing\src
Connected to Discord ... Ready! 
[06-08-2021 07:17:41] [I] Server loaded. Type 'help' for help.
D:\Mindustry-Server\boing\src
D:\Mindustry-Server\boing\src
Connected to Discord ... Ready! 
[06-08-2021 15:03:29] [I] Server loaded. Type 'help' for help.
D:\Mindustry-Server\boing\src
D:\Mindustry-Server\boing\src
Connected to Discord ... Ready! 
[06-08-2021 15:05:14] [I] Server loaded. Type 'help' for help.
D:\Mindustry-Server\boing\src
D:\Mindustry-Server\boing\src
Connected to Discord ... Ready! 
[06-08-2021 15:07:01] [I] Server loaded. Type 'help' for help.
D:\Mindustry-Server\boing\src
D:\Mindustry-Server\boing\src
Connected to Discord ... Ready! 
[06-08-2021 15:09:59] [I] Server loaded. Type 'help' for help.
D:\Mindustry-Server\server\config\saves\boing-library\test4.msav
D:\Mindustry-Server\boing\src
D:\Mindustry-Server\boing\src
Connected to Discord ... Ready! 
[06-08-2021 15:11:25] [I] Server loaded. Type 'help' for help.
[ 'add' ]
[ 'add', 'test5' ]
D:\Mindustry-Server\server\config\saves\boing-library\test5.msav
D:\Mindustry-Server\boing\src
D:\Mindustry-Server\boing\src
[06-09-2021 07:37:40] [I] Server loaded. Type 'help' for help.
