[2021-04-09 21:08:56] No settings files found: D:/Mindustry-Server/boing/src/config/settings.bin and D:/Mindustry-Server/boing/src/config/settings_backup.bin
[2021-04-09 21:08:57] Saving 2 values; 44 bytes
[2021-04-09 21:09:18] Loaded 2 values
[2021-04-09 21:09:18] Backed up config/settings.bin to config/settings_backup.bin (44 bytes)
[2021-04-09 21:09:19] Saving 2 values; 44 bytes
[2021-04-09 21:12:22] Loaded 2 values
[2021-04-09 21:12:22] Backed up config/settings.bin to config/settings_backup.bin (44 bytes)
[2021-04-09 21:12:24] Saving 2 values; 44 bytes
[2021-04-09 21:13:16] Loaded 2 values
[2021-04-09 21:13:16] Backed up config/settings.bin to config/settings_backup.bin (44 bytes)
[2021-04-09 21:13:18] Saving 2 values; 44 bytes
[2021-04-09 21:14:18] Saving 2 values; 44 bytes
[2021-04-09 21:15:18] Saving 2 values; 44 bytes
[2021-04-09 21:16:18] Saving 2 values; 44 bytes
[2021-04-09 21:17:18] Saving 2 values; 44 bytes
[2021-04-09 21:18:18] Saving 2 values; 44 bytes
[2021-04-09 21:19:18] Saving 2 values; 44 bytes
[2021-04-09 21:20:18] Saving 2 values; 44 bytes
[2021-04-09 21:21:18] Saving 2 values; 44 bytes
[2021-04-09 21:22:13] Loaded 2 values
[2021-04-09 21:22:13] Backed up config/settings.bin to config/settings_backup.bin (44 bytes)
[2021-04-09 21:22:15] Saving 2 values; 44 bytes
[2021-04-09 21:23:15] Saving 2 values; 44 bytes
[2021-04-09 21:24:15] Saving 2 values; 44 bytes
[2021-04-09 21:25:15] Saving 2 values; 44 bytes
[2021-04-09 21:26:15] Saving 2 values; 44 bytes
[2021-04-09 21:27:15] Saving 2 values; 44 bytes
[2021-04-09 21:28:15] Saving 2 values; 44 bytes
[2021-04-09 21:29:15] Saving 2 values; 44 bytes
[2021-04-09 21:30:15] Saving 2 values; 44 bytes
[2021-04-09 21:31:15] Saving 2 values; 44 bytes
[2021-04-09 21:32:15] Saving 2 values; 44 bytes
[2021-04-09 21:32:30] Loaded 2 values
[2021-04-09 21:32:30] Backed up config/settings.bin to config/settings_backup.bin (44 bytes)
[2021-04-09 21:32:31] Saving 2 values; 44 bytes
[2021-04-09 21:33:15] Saving 2 values; 44 bytes
[2021-04-09 21:33:26] Loaded 2 values
[2021-04-09 21:33:26] Backed up config/settings.bin to config/settings_backup.bin (44 bytes)
[2021-04-09 21:33:27] Saving 2 values; 44 bytes
[2021-04-09 21:36:11] Loaded 2 values
[2021-04-09 21:36:11] Backed up config/settings.bin to config/settings_backup.bin (44 bytes)
[2021-04-09 21:36:13] Saving 2 values; 44 bytes
[2021-04-09 21:36:17] Saving 2 values; 44 bytes
[2021-04-09 21:36:17] Saving 3 values; 71 bytes
[2021-04-09 21:36:18] Saving 3 values; 71 bytes
[2021-04-09 21:37:13] Saving 7 values; 260 bytes
[2021-04-09 21:38:13] Saving 7 values; 260 bytes
[2021-04-09 21:39:04] Loaded 7 values
[2021-04-09 21:39:04] Backed up config/settings.bin to config/settings_backup.bin (260 bytes)
[2021-04-09 21:39:05] Saving 7 values; 260 bytes
[2021-04-09 21:39:14] Loaded 7 values
[2021-04-09 21:39:14] Backed up config/settings.bin to config/settings_backup.bin (260 bytes)
[2021-04-09 21:39:15] Saving 7 values; 260 bytes
[2021-04-09 21:39:44] Loaded 7 values
[2021-04-09 21:39:44] Backed up config/settings.bin to config/settings_backup.bin (260 bytes)
[2021-04-09 21:39:45] Saving 7 values; 260 bytes
[2021-04-09 21:39:48] Saving 7 values; 260 bytes
[2021-04-09 21:39:48] Saving 7 values; 260 bytes
[2021-04-09 21:39:48] Saving 7 values; 260 bytes
[2021-04-09 21:39:54] Saving 7 values; 260 bytes
[2021-04-09 21:39:54] Saving 7 values; 260 bytes
[2021-04-09 21:39:54] Saving 7 values; 260 bytes
[2021-04-09 21:40:45] Saving 7 values; 260 bytes
[2021-04-09 21:41:34] Loaded 7 values
[2021-04-09 21:41:34] Backed up config/settings.bin to config/settings_backup.bin (260 bytes)
[2021-04-09 21:41:35] Saving 7 values; 260 bytes
[2021-04-09 21:42:35] Saving 7 values; 260 bytes
[2021-04-09 21:43:35] Saving 7 values; 260 bytes
[2021-04-09 21:44:35] Saving 7 values; 260 bytes
[2021-04-09 21:45:35] Saving 7 values; 260 bytes
[2021-04-09 21:46:35] Saving 7 values; 260 bytes
[2021-04-09 21:47:35] Saving 7 values; 260 bytes
[2021-04-09 21:48:35] Saving 7 values; 260 bytes
[2021-04-09 21:49:35] Saving 7 values; 260 bytes
[2021-04-09 21:50:35] Saving 7 values; 260 bytes
[2021-04-09 21:50:56] Loaded 7 values
[2021-04-09 21:50:56] Backed up config/settings.bin to config/settings_backup.bin (260 bytes)
[2021-04-09 21:50:57] Saving 7 values; 260 bytes
[2021-04-09 21:51:02] Saving 7 values; 260 bytes
[2021-04-09 21:51:02] Saving 7 values; 260 bytes
[2021-04-09 21:51:03] Saving 7 values; 260 bytes
[2021-04-09 21:51:57] Saving 7 values; 260 bytes
[2021-04-09 21:52:57] Saving 7 values; 260 bytes
[2021-04-09 21:53:57] Saving 7 values; 260 bytes
[2021-04-09 21:54:57] Saving 7 values; 260 bytes
[2021-04-09 21:55:57] Saving 7 values; 260 bytes
[2021-04-09 21:56:32] Saving 7 values; 260 bytes
[2021-04-09 21:56:32] Saving 7 values; 260 bytes
[2021-04-09 21:56:32] Saving 7 values; 260 bytes
[2021-04-09 21:56:57] Saving 7 values; 260 bytes
[2021-04-09 21:57:57] Saving 7 values; 260 bytes
[2021-04-09 21:58:57] Saving 7 values; 260 bytes
[2021-04-09 21:59:57] Saving 7 values; 260 bytes
[2021-04-09 22:01:08] Loaded 7 values
[2021-04-09 22:01:08] Backed up config/settings.bin to config/settings_backup.bin (260 bytes)
[2021-04-09 22:01:09] Saving 7 values; 260 bytes
[2021-04-09 22:02:04] Loaded 7 values
[2021-04-09 22:02:04] Backed up config/settings.bin to config/settings_backup.bin (260 bytes)
[2021-04-09 22:02:06] Saving 7 values; 260 bytes
[2021-04-09 22:03:00] Loaded 7 values
[2021-04-09 22:03:00] Backed up config/settings.bin to config/settings_backup.bin (260 bytes)
[2021-04-09 22:03:01] Saving 7 values; 260 bytes
[2021-04-09 22:03:51] Loaded 7 values
[2021-04-09 22:03:51] Backed up config/settings.bin to config/settings_backup.bin (260 bytes)
[2021-04-09 22:03:52] Saving 7 values; 260 bytes
[2021-04-09 22:04:28] Loaded 7 values
[2021-04-09 22:04:28] Backed up config/settings.bin to config/settings_backup.bin (260 bytes)
[2021-04-09 22:04:29] Saving 7 values; 260 bytes
[2021-04-09 22:04:52] Saving 7 values; 260 bytes
[2021-04-09 22:05:29] Saving 7 values; 260 bytes
[2021-04-09 22:05:52] Saving 7 values; 260 bytes
[2021-04-09 22:06:29] Saving 7 values; 260 bytes
[2021-04-09 22:06:52] Saving 7 values; 260 bytes
[2021-04-09 22:07:29] Saving 7 values; 260 bytes
[2021-04-09 22:07:52] Saving 7 values; 260 bytes
[2021-04-09 22:08:29] Loaded 7 values
[2021-04-09 22:08:29] Backed up config/settings.bin to config/settings_backup.bin (260 bytes)
[2021-04-09 22:08:31] Saving 7 values; 260 bytes
[2021-04-09 22:08:44] Loaded 7 values
[2021-04-09 22:08:44] Backed up config/settings.bin to config/settings_backup.bin (260 bytes)
[2021-04-09 22:08:45] Saving 7 values; 260 bytes
[2021-04-09 22:08:56] Loaded 7 values
[2021-04-09 22:08:56] Backed up config/settings.bin to config/settings_backup.bin (260 bytes)
[2021-04-09 22:08:58] Saving 7 values; 260 bytes
[2021-04-09 22:09:58] Saving 7 values; 260 bytes
[2021-04-09 22:10:56] Loaded 7 values
[2021-04-09 22:10:56] Backed up config/settings.bin to config/settings_backup.bin (260 bytes)
[2021-04-09 22:10:58] Saving 7 values; 260 bytes
[2021-04-09 22:11:58] Saving 7 values; 260 bytes
[2021-04-09 22:12:00] Loaded 7 values
[2021-04-09 22:12:00] Backed up config/settings.bin to config/settings_backup.bin (260 bytes)
[2021-04-09 22:12:02] Saving 7 values; 260 bytes
[2021-04-09 22:12:20] Loaded 7 values
[2021-04-09 22:12:20] Backed up config/settings.bin to config/settings_backup.bin (260 bytes)
[2021-04-09 22:12:22] Saving 7 values; 260 bytes
[2021-04-09 22:13:22] Saving 7 values; 260 bytes
[2021-04-09 22:13:39] Loaded 7 values
[2021-04-09 22:13:39] Backed up config/settings.bin to config/settings_backup.bin (260 bytes)
[2021-04-09 22:13:40] Saving 7 values; 260 bytes
[2021-04-09 22:14:03] Loaded 7 values
[2021-04-09 22:14:03] Backed up config/settings.bin to config/settings_backup.bin (260 bytes)
[2021-04-09 22:14:05] Saving 7 values; 260 bytes
[2021-04-09 22:15:05] Saving 7 values; 260 bytes
[2021-04-09 22:16:05] Saving 7 values; 260 bytes
[2021-04-09 22:16:34] Loaded 7 values
[2021-04-09 22:16:34] Backed up config/settings.bin to config/settings_backup.bin (260 bytes)
[2021-04-09 22:16:35] Saving 7 values; 260 bytes
[2021-04-09 22:17:05] Loaded 7 values
[2021-04-09 22:17:05] Backed up config/settings.bin to config/settings_backup.bin (260 bytes)
[2021-04-09 22:17:06] Saving 7 values; 260 bytes
[2021-04-09 22:18:06] Saving 7 values; 260 bytes
[2021-04-09 22:18:34] Loaded 7 values
[2021-04-09 22:18:34] Backed up config/settings.bin to config/settings_backup.bin (260 bytes)
[2021-04-09 22:18:35] Saving 7 values; 260 bytes
[2021-04-09 22:20:28] Loaded 7 values
[2021-04-09 22:20:28] Backed up config/settings.bin to config/settings_backup.bin (260 bytes)
[2021-04-09 22:20:29] Saving 7 values; 260 bytes
[2021-04-09 22:21:29] Saving 7 values; 260 bytes
[2021-04-09 22:22:29] Saving 7 values; 260 bytes
[2021-04-09 22:22:57] Loaded 7 values
[2021-04-09 22:22:57] Backed up config/settings.bin to config/settings_backup.bin (260 bytes)
[2021-04-09 22:22:59] Saving 7 values; 260 bytes
[2021-04-09 22:23:59] Saving 7 values; 260 bytes
[2021-04-09 22:24:59] Saving 7 values; 260 bytes
[2021-04-09 22:25:59] Saving 7 values; 260 bytes
[2021-04-09 22:26:21] Loaded 7 values
[2021-04-09 22:26:21] Backed up config/settings.bin to config/settings_backup.bin (260 bytes)
[2021-04-09 22:26:22] Saving 7 values; 260 bytes
[2021-04-09 22:26:22] Saving 7 values; 260 bytes
[2021-04-09 22:26:23] Saving 7 values; 260 bytes
[2021-04-09 22:27:22] Saving 7 values; 260 bytes
[2021-04-09 22:27:28] Loaded 7 values
[2021-04-09 22:27:28] Backed up config/settings.bin to config/settings_backup.bin (260 bytes)
[2021-04-09 22:27:30] Saving 7 values; 260 bytes
[2021-04-09 22:27:30] Saving 7 values; 260 bytes
[2021-04-09 22:27:30] Saving 7 values; 260 bytes
[2021-04-09 22:27:43] Loaded 7 values
[2021-04-09 22:27:43] Backed up config/settings.bin to config/settings_backup.bin (260 bytes)
[2021-04-09 22:27:44] Saving 7 values; 260 bytes
[2021-04-09 22:27:44] Saving 7 values; 260 bytes
[2021-04-09 22:27:45] Saving 7 values; 260 bytes
[2021-04-09 22:28:43] Loaded 7 values
[2021-04-09 22:28:43] Backed up config/settings.bin to config/settings_backup.bin (260 bytes)
[2021-04-09 22:28:45] Saving 7 values; 260 bytes
[2021-04-09 22:29:45] Saving 7 values; 260 bytes
[2021-04-09 22:30:45] Saving 7 values; 260 bytes
[2021-04-09 22:31:45] Saving 7 values; 260 bytes
[2021-04-09 22:32:45] Saving 7 values; 260 bytes
[2021-04-09 22:33:45] Saving 7 values; 260 bytes
[2021-04-09 22:34:45] Saving 7 values; 260 bytes
[2021-04-09 22:35:45] Saving 7 values; 260 bytes
[2021-04-09 22:36:45] Saving 7 values; 260 bytes
[2021-04-09 22:37:45] Saving 7 values; 260 bytes
[2021-04-09 22:38:45] Saving 7 values; 260 bytes
[2021-04-09 22:39:45] Saving 7 values; 260 bytes
[2021-04-10 10:40:48] Loaded 7 values
[2021-04-10 10:40:48] Backed up config/settings.bin to config/settings_backup.bin (260 bytes)
[2021-04-10 10:40:49] Saving 7 values; 260 bytes
[2021-04-10 10:41:49] Saving 7 values; 260 bytes
[2021-04-10 10:42:15] Loaded 7 values
[2021-04-10 10:42:15] Backed up config/settings.bin to config/settings_backup.bin (260 bytes)
[2021-04-10 10:42:16] Saving 7 values; 260 bytes
[2021-04-10 10:42:47] Loaded 7 values
[2021-04-10 10:42:47] Backed up config/settings.bin to config/settings_backup.bin (260 bytes)
[2021-04-10 10:42:49] Saving 7 values; 260 bytes
[2021-04-10 10:43:45] Loaded 7 values
[2021-04-10 10:43:45] Backed up config/settings.bin to config/settings_backup.bin (260 bytes)
[2021-04-10 10:43:47] Saving 7 values; 260 bytes
[2021-04-10 10:43:47] Saving 7 values; 260 bytes
[2021-04-10 10:43:47] Saving 7 values; 260 bytes
[2021-04-10 10:44:07] Loaded 7 values
[2021-04-10 10:44:07] Backed up config/settings.bin to config/settings_backup.bin (260 bytes)
[2021-04-10 10:44:08] Saving 7 values; 260 bytes
[2021-04-10 10:44:14] Saving 7 values; 260 bytes
[2021-04-10 10:44:14] Saving 7 values; 260 bytes
[2021-04-10 10:44:14] Saving 7 values; 260 bytes
[2021-04-10 10:44:22] Saving 7 values; 260 bytes
[2021-04-10 10:44:22] Saving 7 values; 260 bytes
[2021-04-10 10:44:22] Saving 7 values; 260 bytes
[2021-04-10 10:44:47] Saving 7 values; 260 bytes
[2021-04-10 10:45:08] Saving 7 values; 260 bytes
[2021-04-10 10:45:47] Saving 7 values; 260 bytes
[2021-04-10 10:46:08] Saving 7 values; 260 bytes
[2021-04-10 10:46:47] Saving 7 values; 260 bytes
[2021-04-10 10:47:08] Saving 7 values; 260 bytes
[2021-04-10 10:47:47] Saving 7 values; 260 bytes
[2021-04-10 10:48:08] Saving 7 values; 260 bytes
[2021-04-10 10:49:01] Loaded 7 values
[2021-04-10 10:49:01] Backed up config/settings.bin to config/settings_backup.bin (260 bytes)
[2021-04-10 10:49:02] Saving 7 values; 260 bytes
[2021-04-10 10:50:00] Loaded 7 values
[2021-04-10 10:50:00] Backed up config/settings.bin to config/settings_backup.bin (260 bytes)
[2021-04-10 10:50:01] Saving 7 values; 260 bytes
[2021-04-10 10:50:01] Saving 7 values; 260 bytes
[2021-04-10 10:50:02] Saving 7 values; 260 bytes
[2021-04-10 10:50:11] Loaded 7 values
[2021-04-10 10:50:11] Backed up config/settings.bin to config/settings_backup.bin (260 bytes)
[2021-04-10 10:50:13] Saving 7 values; 260 bytes
[2021-04-10 10:50:13] Saving 7 values; 260 bytes
[2021-04-10 10:50:13] Saving 7 values; 260 bytes
[2021-04-10 10:51:13] Saving 7 values; 260 bytes
[2021-04-10 10:52:13] Saving 7 values; 260 bytes
[2021-04-10 10:53:13] Saving 7 values; 260 bytes
[2021-04-10 10:54:13] Saving 7 values; 260 bytes
[2021-04-10 10:55:13] Saving 7 values; 260 bytes
[2021-04-10 10:56:13] Saving 7 values; 260 bytes
[2021-04-10 10:57:13] Saving 7 values; 260 bytes
[2021-04-10 10:57:34] Saving 7 values; 260 bytes
[2021-04-10 10:57:34] Saving 7 values; 260 bytes
[2021-04-10 10:57:34] Saving 7 values; 260 bytes
[2021-04-10 10:58:13] Saving 7 values; 260 bytes
[2021-04-10 10:59:13] Saving 7 values; 260 bytes
[2021-04-10 11:00:13] Saving 7 values; 260 bytes
[2021-04-10 11:01:13] Saving 7 values; 260 bytes
[2021-04-10 11:02:13] Saving 7 values; 260 bytes
[2021-04-10 11:03:13] Saving 7 values; 260 bytes
[2021-04-10 11:04:05] Saving 7 values; 260 bytes
[2021-04-10 11:04:05] Saving 7 values; 260 bytes
[2021-04-10 11:04:05] Saving 7 values; 260 bytes
[2021-04-10 11:04:13] Saving 7 values; 260 bytes
[2021-04-10 11:05:13] Saving 7 values; 260 bytes
[2021-04-10 11:06:13] Saving 7 values; 260 bytes
[2021-04-10 11:07:13] Saving 7 values; 260 bytes
[2021-04-10 11:08:13] Saving 7 values; 260 bytes
[2021-04-10 11:09:13] Saving 7 values; 260 bytes
[2021-04-10 11:10:01] Saving 7 values; 260 bytes
[2021-04-10 11:10:01] Saving 7 values; 260 bytes
[2021-04-10 11:10:01] Saving 7 values; 260 bytes
[2021-04-10 11:10:13] Saving 7 values; 260 bytes
[2021-04-10 11:11:13] Saving 7 values; 260 bytes
[2021-04-10 11:12:13] Saving 7 values; 260 bytes
[2021-04-10 11:13:13] Saving 7 values; 260 bytes
[2021-04-10 11:14:13] Saving 7 values; 260 bytes
[2021-04-10 11:15:13] Saving 7 values; 260 bytes
[2021-04-10 11:16:13] Saving 7 values; 260 bytes
[2021-04-10 11:16:32] Saving 7 values; 260 bytes
[2021-04-10 11:16:32] Saving 7 values; 260 bytes
[2021-04-10 11:16:32] Saving 7 values; 260 bytes
[2021-04-10 11:17:13] Saving 7 values; 260 bytes
[2021-04-10 11:18:13] Saving 7 values; 260 bytes
[2021-04-10 11:19:13] Saving 7 values; 260 bytes
[2021-04-10 11:20:13] Saving 7 values; 260 bytes
[2021-04-10 11:21:13] Saving 7 values; 260 bytes
[2021-04-10 11:22:13] Saving 7 values; 260 bytes
[2021-04-10 11:22:33] Saving 7 values; 260 bytes
[2021-04-10 11:22:33] Saving 7 values; 260 bytes
[2021-04-10 11:22:34] Saving 7 values; 260 bytes
[2021-04-10 11:23:13] Saving 7 values; 260 bytes
[2021-04-10 11:24:13] Saving 7 values; 260 bytes
[2021-04-10 11:25:13] Saving 7 values; 260 bytes
[2021-04-10 11:26:13] Saving 7 values; 260 bytes
[2021-04-10 11:27:13] Saving 7 values; 260 bytes
[2021-04-10 11:28:13] Saving 7 values; 260 bytes
[2021-04-10 11:29:13] Saving 7 values; 260 bytes
[2021-04-10 11:29:18] Saving 7 values; 260 bytes
[2021-04-10 11:29:18] Saving 7 values; 260 bytes
[2021-04-10 11:29:18] Saving 7 values; 260 bytes
[2021-04-10 11:30:13] Saving 7 values; 260 bytes
[2021-04-10 11:31:13] Saving 7 values; 260 bytes
[2021-04-10 11:32:13] Saving 7 values; 260 bytes
[2021-04-10 11:33:13] Saving 7 values; 260 bytes
[2021-04-10 11:34:13] Saving 7 values; 260 bytes
[2021-04-10 11:34:47] Saving 7 values; 260 bytes
[2021-04-10 11:34:47] Saving 7 values; 260 bytes
[2021-04-10 11:34:47] Saving 7 values; 260 bytes
[2021-04-10 11:35:13] Saving 7 values; 260 bytes
[2021-04-10 11:36:13] Saving 7 values; 260 bytes
[2021-04-10 11:37:13] Saving 7 values; 260 bytes
[2021-04-10 11:38:13] Saving 7 values; 260 bytes
[2021-04-10 11:39:13] Saving 7 values; 260 bytes
[2021-04-10 11:40:13] Saving 7 values; 260 bytes
[2021-04-10 11:41:05] Saving 7 values; 260 bytes
[2021-04-10 11:41:05] Saving 7 values; 260 bytes
[2021-04-10 11:41:06] Saving 7 values; 260 bytes
[2021-04-10 11:41:13] Saving 7 values; 260 bytes
[2021-04-10 11:42:13] Saving 7 values; 260 bytes
[2021-04-10 11:43:13] Saving 7 values; 260 bytes
[2021-04-10 11:44:13] Saving 7 values; 260 bytes
[2021-04-10 11:45:13] Saving 7 values; 260 bytes
[2021-04-10 11:46:13] Saving 7 values; 260 bytes
[2021-04-10 11:47:13] Saving 7 values; 260 bytes
[2021-04-10 11:47:36] Saving 7 values; 260 bytes
[2021-04-10 11:47:36] Saving 7 values; 260 bytes
[2021-04-10 11:47:36] Saving 7 values; 260 bytes
[2021-04-10 11:48:13] Saving 7 values; 260 bytes
[2021-04-10 11:49:13] Saving 7 values; 260 bytes
[2021-04-10 11:50:13] Saving 7 values; 260 bytes
[2021-04-10 11:51:13] Saving 7 values; 260 bytes
[2021-04-10 11:52:13] Saving 7 values; 260 bytes
[2021-04-10 11:53:05] Saving 7 values; 260 bytes
[2021-04-10 11:53:05] Saving 7 values; 260 bytes
[2021-04-10 11:53:05] Saving 7 values; 260 bytes
[2021-04-10 11:53:13] Saving 7 values; 260 bytes
[2021-04-10 11:54:13] Saving 7 values; 260 bytes
[2021-04-10 11:55:13] Saving 7 values; 260 bytes
[2021-04-10 11:56:13] Saving 7 values; 260 bytes
[2021-04-10 11:57:13] Saving 7 values; 260 bytes
[2021-04-10 11:58:13] Saving 7 values; 260 bytes
[2021-04-10 11:59:13] Saving 7 values; 260 bytes
[2021-04-10 11:59:13] Saving 7 values; 260 bytes
[2021-04-10 11:59:13] Saving 7 values; 260 bytes
[2021-04-10 11:59:13] Saving 7 values; 260 bytes
[2021-04-10 12:00:13] Saving 7 values; 260 bytes
[2021-04-10 12:01:13] Saving 7 values; 260 bytes
[2021-04-10 12:02:13] Saving 7 values; 260 bytes
[2021-04-10 12:03:13] Saving 7 values; 260 bytes
[2021-04-10 12:04:13] Saving 7 values; 260 bytes
[2021-04-10 12:05:01] Saving 7 values; 260 bytes
[2021-04-10 12:05:01] Saving 7 values; 260 bytes
[2021-04-10 12:05:01] Saving 7 values; 260 bytes
[2021-04-10 12:05:13] Saving 7 values; 260 bytes
[2021-04-10 12:06:13] Saving 7 values; 260 bytes
[2021-04-10 12:07:13] Saving 7 values; 260 bytes
[2021-04-10 12:08:13] Saving 7 values; 260 bytes
[2021-04-10 12:09:13] Saving 7 values; 260 bytes
[2021-04-10 12:10:13] Saving 7 values; 260 bytes
[2021-04-10 12:11:13] Saving 7 values; 260 bytes
[2021-04-10 12:11:27] Saving 7 values; 260 bytes
[2021-04-10 12:11:27] Saving 7 values; 260 bytes
[2021-04-10 12:11:27] Saving 7 values; 260 bytes
[2021-04-10 12:12:13] Saving 7 values; 260 bytes
[2021-04-10 12:13:13] Saving 7 values; 260 bytes
[2021-04-10 12:14:13] Saving 7 values; 260 bytes
[2021-04-10 12:15:13] Saving 7 values; 260 bytes
[2021-04-10 12:16:13] Saving 7 values; 260 bytes
[2021-04-10 12:17:13] Saving 7 values; 260 bytes
[2021-04-10 12:17:28] Saving 7 values; 260 bytes
[2021-04-10 12:17:28] Saving 7 values; 260 bytes
[2021-04-10 12:17:28] Saving 7 values; 260 bytes
[2021-04-10 12:18:13] Saving 7 values; 260 bytes
[2021-04-10 12:19:13] Saving 7 values; 260 bytes
[2021-04-10 12:20:13] Saving 7 values; 260 bytes
[2021-04-10 12:21:13] Saving 7 values; 260 bytes
[2021-04-10 12:22:13] Saving 7 values; 260 bytes
[2021-04-10 12:23:13] Saving 7 values; 260 bytes
[2021-04-10 12:23:59] Saving 7 values; 260 bytes
[2021-04-10 12:23:59] Saving 7 values; 260 bytes
[2021-04-10 12:23:59] Saving 7 values; 260 bytes
[2021-04-10 12:24:13] Saving 7 values; 260 bytes
[2021-04-10 12:25:13] Saving 7 values; 260 bytes
[2021-04-10 12:26:13] Saving 7 values; 260 bytes
[2021-04-10 12:27:13] Saving 7 values; 260 bytes
[2021-04-10 12:28:13] Saving 7 values; 260 bytes
[2021-04-10 12:29:13] Saving 7 values; 260 bytes
[2021-04-10 12:29:28] Saving 7 values; 260 bytes
[2021-04-10 12:29:28] Saving 7 values; 260 bytes
[2021-04-10 12:29:29] Saving 7 values; 260 bytes
[2021-04-10 12:30:13] Saving 7 values; 260 bytes
[2021-04-10 12:31:13] Saving 7 values; 260 bytes
[2021-04-10 12:32:13] Saving 7 values; 260 bytes
[2021-04-10 12:33:13] Saving 7 values; 260 bytes
[2021-04-10 12:34:13] Saving 7 values; 260 bytes
[2021-04-10 12:35:13] Saving 7 values; 260 bytes
[2021-04-10 12:36:12] Saving 7 values; 260 bytes
[2021-04-10 12:36:12] Saving 7 values; 260 bytes
[2021-04-10 12:36:13] Saving 7 values; 260 bytes
[2021-04-10 12:36:13] Saving 7 values; 260 bytes
[2021-04-10 12:37:13] Saving 7 values; 260 bytes
[2021-04-10 12:38:13] Saving 7 values; 260 bytes
[2021-04-10 12:39:13] Saving 7 values; 260 bytes
[2021-04-10 12:40:13] Saving 7 values; 260 bytes
[2021-04-10 12:41:13] Saving 7 values; 260 bytes
[2021-04-10 12:41:42] Saving 7 values; 260 bytes
[2021-04-10 12:41:42] Saving 7 values; 260 bytes
[2021-04-10 12:41:43] Saving 7 values; 260 bytes
[2021-04-10 12:42:13] Saving 7 values; 260 bytes
[2021-04-10 12:43:13] Saving 7 values; 260 bytes
[2021-04-10 12:44:13] Saving 7 values; 260 bytes
[2021-04-10 12:45:13] Saving 7 values; 260 bytes
[2021-04-10 12:46:13] Saving 7 values; 260 bytes
[2021-04-10 12:47:13] Saving 7 values; 260 bytes
[2021-04-10 12:48:13] Saving 7 values; 260 bytes
[2021-04-10 12:48:30] Saving 7 values; 260 bytes
[2021-04-10 12:48:30] Saving 7 values; 260 bytes
[2021-04-10 12:48:31] Saving 7 values; 260 bytes
[2021-04-10 12:49:13] Saving 7 values; 260 bytes
[2021-04-10 12:50:13] Saving 7 values; 260 bytes
[2021-04-10 12:51:13] Saving 7 values; 260 bytes
[2021-04-10 12:52:13] Saving 7 values; 260 bytes
[2021-04-10 12:53:13] Saving 7 values; 260 bytes
[2021-04-10 12:54:13] Saving 7 values; 260 bytes
[2021-04-10 12:54:57] Saving 7 values; 260 bytes
[2021-04-10 12:54:57] Saving 7 values; 260 bytes
[2021-04-10 12:54:57] Saving 7 values; 260 bytes
[2021-04-10 12:55:13] Saving 7 values; 260 bytes
[2021-04-10 12:56:13] Saving 7 values; 260 bytes
[2021-04-10 12:57:13] Saving 7 values; 260 bytes
[2021-04-10 12:58:13] Saving 7 values; 260 bytes
[2021-04-10 12:59:13] Saving 7 values; 260 bytes
[2021-04-10 13:00:13] Saving 7 values; 260 bytes
[2021-04-10 13:00:57] Saving 7 values; 260 bytes
[2021-04-10 13:00:57] Saving 7 values; 260 bytes
[2021-04-10 13:00:58] Saving 7 values; 260 bytes
[2021-04-10 13:01:13] Saving 7 values; 260 bytes
[2021-04-10 13:02:13] Saving 7 values; 260 bytes
[2021-04-10 13:03:13] Saving 7 values; 260 bytes
[2021-04-10 13:04:13] Saving 7 values; 260 bytes
[2021-04-10 13:05:13] Saving 7 values; 260 bytes
[2021-04-10 13:06:13] Saving 7 values; 260 bytes
[2021-04-10 13:07:04] Saving 7 values; 260 bytes
[2021-04-10 13:07:04] Saving 7 values; 260 bytes
[2021-04-10 13:07:04] Saving 7 values; 260 bytes
[2021-04-10 13:07:13] Saving 7 values; 260 bytes
[2021-04-10 13:08:13] Saving 7 values; 260 bytes
[2021-04-10 13:09:13] Saving 7 values; 260 bytes
[2021-04-10 13:10:13] Saving 7 values; 260 bytes
[2021-04-10 13:11:13] Saving 7 values; 260 bytes
[2021-04-10 13:12:13] Saving 7 values; 260 bytes
[2021-04-10 13:13:13] Saving 7 values; 260 bytes
[2021-04-10 13:13:46] Saving 7 values; 260 bytes
[2021-04-10 13:13:46] Saving 7 values; 260 bytes
[2021-04-10 13:13:46] Saving 7 values; 260 bytes
[2021-04-10 13:14:13] Saving 7 values; 260 bytes
[2021-04-10 13:15:13] Saving 7 values; 260 bytes
[2021-04-10 13:16:13] Saving 7 values; 260 bytes
[2021-04-10 13:17:13] Saving 7 values; 260 bytes
[2021-04-10 13:18:13] Saving 7 values; 260 bytes
[2021-04-10 13:19:13] Saving 7 values; 260 bytes
[2021-04-10 13:20:13] Saving 7 values; 260 bytes
[2021-04-10 13:21:09] Saving 7 values; 260 bytes
[2021-04-10 13:21:09] Saving 7 values; 260 bytes
[2021-04-10 13:21:09] Saving 7 values; 260 bytes
[2021-04-10 13:21:13] Saving 7 values; 260 bytes
[2021-04-10 13:22:13] Saving 7 values; 260 bytes
[2021-04-10 13:23:13] Saving 7 values; 260 bytes
[2021-04-10 13:24:13] Saving 7 values; 260 bytes
[2021-04-10 13:25:13] Saving 7 values; 260 bytes
[2021-04-10 13:26:13] Saving 7 values; 260 bytes
[2021-04-10 13:27:06] Saving 7 values; 260 bytes
[2021-04-10 13:27:06] Saving 7 values; 260 bytes
[2021-04-10 13:27:06] Saving 7 values; 260 bytes
[2021-04-10 13:27:13] Saving 7 values; 260 bytes
[2021-04-10 13:28:13] Saving 7 values; 260 bytes
[2021-04-10 13:29:13] Saving 7 values; 260 bytes
[2021-04-10 13:30:13] Saving 7 values; 260 bytes
[2021-04-10 13:31:13] Saving 7 values; 260 bytes
[2021-04-10 13:32:13] Saving 7 values; 260 bytes
[2021-04-10 13:32:40] Saving 7 values; 260 bytes
[2021-04-10 13:32:40] Saving 7 values; 260 bytes
[2021-04-10 13:32:40] Saving 7 values; 260 bytes
[2021-04-10 13:33:13] Saving 7 values; 260 bytes
[2021-04-10 13:34:13] Saving 7 values; 260 bytes
[2021-04-10 13:35:13] Saving 7 values; 260 bytes
[2021-04-10 13:36:13] Saving 7 values; 260 bytes
[2021-04-10 13:37:13] Saving 7 values; 260 bytes
[2021-04-10 13:38:13] Saving 7 values; 260 bytes
[2021-04-10 13:39:07] Saving 7 values; 260 bytes
[2021-04-10 13:39:07] Saving 7 values; 260 bytes
[2021-04-10 13:39:07] Saving 7 values; 260 bytes
[2021-04-10 13:39:13] Saving 7 values; 260 bytes
[2021-04-10 13:40:13] Saving 7 values; 260 bytes
[2021-04-10 13:41:13] Saving 7 values; 260 bytes
[2021-04-10 13:42:13] Saving 7 values; 260 bytes
[2021-04-10 13:43:13] Saving 7 values; 260 bytes
[2021-04-10 13:45:10] Loaded 7 values
[2021-04-10 13:45:10] Backed up config/settings.bin to config/settings_backup.bin (260 bytes)
[2021-04-10 13:45:11] Saving 7 values; 260 bytes
[2021-04-10 13:45:11] Saving 7 values; 260 bytes
[2021-04-10 13:45:12] Saving 7 values; 260 bytes
[2021-04-10 13:45:52] Loaded 7 values
[2021-04-10 13:45:52] Backed up config/settings.bin to config/settings_backup.bin (260 bytes)
[2021-04-10 13:45:53] Saving 7 values; 260 bytes
[2021-04-10 13:45:53] Saving 7 values; 260 bytes
[2021-04-10 13:45:54] Saving 7 values; 260 bytes
[2021-04-10 13:46:53] Saving 7 values; 260 bytes
[2021-04-10 13:47:53] Saving 7 values; 260 bytes
[2021-04-10 13:48:49] Loaded 7 values
[2021-04-10 13:48:49] Backed up config/settings.bin to config/settings_backup.bin (260 bytes)
[2021-04-10 13:48:51] Saving 7 values; 260 bytes
[2021-04-10 13:48:51] Saving 7 values; 260 bytes
[2021-04-10 13:48:51] Saving 7 values; 260 bytes
[2021-04-10 13:49:51] Saving 7 values; 260 bytes
[2021-04-10 13:50:51] Saving 7 values; 260 bytes
[2021-04-10 13:51:51] Saving 7 values; 260 bytes
[2021-04-10 13:52:51] Saving 7 values; 260 bytes
[2021-04-10 13:53:51] Saving 7 values; 260 bytes
[2021-04-10 13:54:46] Saving 7 values; 260 bytes
[2021-04-10 13:54:46] Saving 7 values; 260 bytes
[2021-04-10 13:54:46] Saving 7 values; 260 bytes
[2021-04-10 13:54:51] Saving 7 values; 260 bytes
[2021-04-10 13:55:51] Saving 7 values; 260 bytes
[2021-04-10 13:56:51] Saving 7 values; 260 bytes
[2021-04-10 13:57:51] Saving 7 values; 260 bytes
[2021-04-10 13:58:51] Saving 7 values; 260 bytes
[2021-04-10 13:59:51] Saving 7 values; 260 bytes
[2021-04-10 14:00:32] Saving 7 values; 260 bytes
[2021-04-10 14:00:32] Saving 7 values; 260 bytes
[2021-04-10 14:00:32] Saving 7 values; 260 bytes
[2021-04-10 14:00:51] Saving 7 values; 260 bytes
[2021-04-10 14:01:51] Saving 7 values; 260 bytes
[2021-04-10 14:02:51] Saving 7 values; 260 bytes
[2021-04-10 14:03:51] Saving 7 values; 260 bytes
[2021-04-10 14:04:51] Saving 7 values; 260 bytes
[2021-04-10 14:05:51] Saving 7 values; 260 bytes
[2021-04-10 14:06:51] Saving 7 values; 260 bytes
[2021-04-10 14:07:13] Saving 7 values; 260 bytes
[2021-04-10 14:07:13] Saving 7 values; 260 bytes
[2021-04-10 14:07:14] Saving 7 values; 260 bytes
[2021-04-10 14:07:51] Saving 7 values; 260 bytes
[2021-04-10 14:08:51] Saving 7 values; 260 bytes
[2021-04-10 14:09:51] Saving 7 values; 260 bytes
[2021-04-10 14:10:51] Saving 7 values; 260 bytes
[2021-04-10 14:11:51] Saving 7 values; 260 bytes
[2021-04-10 14:12:43] Saving 7 values; 260 bytes
[2021-04-10 14:12:43] Saving 7 values; 260 bytes
[2021-04-10 14:12:43] Saving 7 values; 260 bytes
[2021-04-10 14:12:51] Saving 7 values; 260 bytes
[2021-04-10 14:13:51] Saving 7 values; 260 bytes
[2021-04-10 14:14:51] Saving 7 values; 260 bytes
[2021-04-10 14:15:51] Saving 7 values; 260 bytes
[2021-04-10 14:16:51] Saving 7 values; 260 bytes
[2021-04-10 14:17:51] Saving 7 values; 260 bytes
[2021-04-10 14:18:51] Saving 7 values; 260 bytes
[2021-04-10 14:19:14] Saving 7 values; 260 bytes
[2021-04-10 14:19:14] Saving 7 values; 260 bytes
[2021-04-10 14:19:14] Saving 7 values; 260 bytes
[2021-04-10 14:19:51] Saving 7 values; 260 bytes
[2021-04-10 14:20:51] Saving 7 values; 260 bytes
[2021-04-10 14:21:51] Saving 7 values; 260 bytes
[2021-04-10 14:22:51] Saving 7 values; 260 bytes
[2021-04-10 14:23:51] Saving 7 values; 260 bytes
[2021-04-10 14:24:51] Saving 7 values; 260 bytes
[2021-04-10 14:25:14] Saving 7 values; 260 bytes
[2021-04-10 14:25:14] Saving 7 values; 260 bytes
[2021-04-10 14:25:14] Saving 7 values; 260 bytes
[2021-04-10 14:25:51] Saving 7 values; 260 bytes
[2021-04-10 14:26:51] Saving 7 values; 260 bytes
[2021-04-10 14:27:51] Saving 7 values; 260 bytes
[2021-04-10 14:28:51] Saving 7 values; 260 bytes
[2021-04-10 14:29:51] Saving 7 values; 260 bytes
[2021-04-10 14:30:51] Saving 7 values; 260 bytes
[2021-04-10 14:31:12] Saving 7 values; 260 bytes
[2021-04-10 14:31:12] Saving 7 values; 260 bytes
[2021-04-10 14:31:12] Saving 7 values; 260 bytes
[2021-04-10 14:31:51] Saving 7 values; 260 bytes
[2021-04-10 14:32:51] Saving 7 values; 260 bytes
[2021-04-10 14:33:51] Saving 7 values; 260 bytes
[2021-04-10 14:34:51] Saving 7 values; 260 bytes
[2021-04-10 14:35:51] Saving 7 values; 260 bytes
[2021-04-10 14:36:51] Saving 7 values; 260 bytes
[2021-04-10 14:37:43] Saving 7 values; 260 bytes
[2021-04-10 14:37:43] Saving 7 values; 260 bytes
[2021-04-10 14:37:43] Saving 7 values; 260 bytes
[2021-04-10 14:37:51] Saving 7 values; 260 bytes
[2021-04-10 14:38:51] Saving 7 values; 260 bytes
[2021-04-10 14:39:51] Saving 7 values; 260 bytes
[2021-04-10 14:40:51] Saving 7 values; 260 bytes
[2021-04-10 14:41:51] Saving 7 values; 260 bytes
[2021-04-10 14:42:51] Saving 7 values; 260 bytes
[2021-04-10 14:43:51] Saving 7 values; 260 bytes
[2021-04-10 14:44:25] Saving 7 values; 260 bytes
[2021-04-10 14:44:25] Saving 7 values; 260 bytes
[2021-04-10 14:44:25] Saving 7 values; 260 bytes
[2021-04-10 14:44:51] Saving 7 values; 260 bytes
[2021-04-10 14:45:51] Saving 7 values; 260 bytes
[2021-04-10 14:46:51] Saving 7 values; 260 bytes
[2021-04-10 14:47:51] Saving 7 values; 260 bytes
[2021-04-10 14:48:51] Saving 7 values; 260 bytes
[2021-04-10 14:49:51] Saving 7 values; 260 bytes
[2021-04-10 14:49:58] Saving 7 values; 260 bytes
[2021-04-10 14:49:58] Saving 7 values; 260 bytes
[2021-04-10 14:49:58] Saving 7 values; 260 bytes
[2021-04-10 14:50:51] Saving 7 values; 260 bytes
[2021-04-10 14:51:51] Saving 7 values; 260 bytes
[2021-04-10 14:52:51] Saving 7 values; 260 bytes
[2021-04-10 14:53:51] Saving 7 values; 260 bytes
[2021-04-10 14:54:51] Saving 7 values; 260 bytes
[2021-04-10 14:55:51] Saving 7 values; 260 bytes
[2021-04-10 14:56:51] Saving 7 values; 260 bytes
[2021-04-10 14:57:20] Saving 7 values; 260 bytes
[2021-04-10 14:57:20] Saving 7 values; 260 bytes
[2021-04-10 14:57:21] Saving 7 values; 260 bytes
[2021-04-10 14:57:51] Saving 7 values; 260 bytes
[2021-04-10 14:58:51] Saving 7 values; 260 bytes
[2021-04-10 14:59:51] Saving 7 values; 260 bytes
[2021-04-10 15:00:51] Saving 7 values; 260 bytes
[2021-04-10 15:01:51] Saving 7 values; 260 bytes
[2021-04-10 15:02:51] Saving 7 values; 260 bytes
[2021-04-10 15:03:51] Saving 7 values; 260 bytes
[2021-04-10 15:03:51] Saving 7 values; 260 bytes
[2021-04-10 15:03:51] Saving 7 values; 260 bytes
[2021-04-10 15:03:51] Saving 7 values; 260 bytes
[2021-04-10 15:04:51] Saving 7 values; 260 bytes
[2021-04-10 15:05:51] Saving 7 values; 260 bytes
[2021-04-10 15:06:51] Saving 7 values; 260 bytes
[2021-04-10 15:07:51] Saving 7 values; 260 bytes
[2021-04-10 15:08:51] Saving 7 values; 260 bytes
[2021-04-10 15:09:40] Saving 7 values; 260 bytes
[2021-04-10 15:09:40] Saving 7 values; 260 bytes
[2021-04-10 15:09:40] Saving 7 values; 260 bytes
[2021-04-10 15:09:51] Saving 7 values; 260 bytes
[2021-04-10 15:10:51] Saving 7 values; 260 bytes
[2021-04-10 15:11:51] Saving 7 values; 260 bytes
[2021-04-10 15:12:51] Saving 7 values; 260 bytes
[2021-04-10 15:13:51] Saving 7 values; 260 bytes
[2021-04-10 15:14:51] Saving 7 values; 260 bytes
[2021-04-10 15:15:51] Saving 7 values; 260 bytes
[2021-04-10 15:16:10] Saving 7 values; 260 bytes
[2021-04-10 15:16:10] Saving 7 values; 260 bytes
[2021-04-10 15:16:10] Saving 7 values; 260 bytes
[2021-04-10 15:16:51] Saving 7 values; 260 bytes
[2021-04-10 15:17:51] Saving 7 values; 260 bytes
[2021-04-10 15:18:51] Saving 7 values; 260 bytes
[2021-04-10 15:19:51] Saving 7 values; 260 bytes
[2021-04-10 15:20:51] Saving 7 values; 260 bytes
[2021-04-10 15:21:51] Saving 7 values; 260 bytes
[2021-04-10 15:22:07] Saving 7 values; 260 bytes
[2021-04-10 15:22:07] Saving 7 values; 260 bytes
[2021-04-10 15:22:07] Saving 7 values; 260 bytes
[2021-04-10 15:22:51] Saving 7 values; 260 bytes
[2021-04-10 15:23:51] Saving 7 values; 260 bytes
[2021-04-10 15:24:51] Saving 7 values; 260 bytes
[2021-04-10 15:25:51] Saving 7 values; 260 bytes
[2021-04-10 15:26:51] Saving 7 values; 260 bytes
[2021-04-10 15:27:51] Saving 7 values; 260 bytes
[2021-04-10 15:28:40] Saving 7 values; 260 bytes
[2021-04-10 15:28:40] Saving 7 values; 260 bytes
[2021-04-10 15:28:40] Saving 7 values; 260 bytes
[2021-04-10 15:28:51] Saving 7 values; 260 bytes
[2021-04-10 15:29:51] Saving 7 values; 260 bytes
[2021-04-10 15:30:51] Saving 7 values; 260 bytes
[2021-04-10 15:31:51] Saving 7 values; 260 bytes
[2021-04-10 15:32:51] Saving 7 values; 260 bytes
[2021-04-10 15:33:51] Saving 7 values; 260 bytes
[2021-04-10 15:34:51] Saving 7 values; 260 bytes
[2021-04-10 15:35:22] Saving 7 values; 260 bytes
[2021-04-10 15:35:22] Saving 7 values; 260 bytes
[2021-04-10 15:35:22] Saving 7 values; 260 bytes
[2021-04-10 15:35:51] Saving 7 values; 260 bytes
[2021-04-10 15:36:51] Saving 7 values; 260 bytes
[2021-04-10 15:37:51] Saving 7 values; 260 bytes
[2021-04-10 15:38:51] Saving 7 values; 260 bytes
[2021-04-10 15:39:51] Saving 7 values; 260 bytes
[2021-04-10 15:40:51] Saving 7 values; 260 bytes
[2021-04-10 15:41:51] Saving 7 values; 260 bytes
[2021-04-10 15:41:53] Saving 7 values; 260 bytes
[2021-04-10 15:41:53] Saving 7 values; 260 bytes
[2021-04-10 15:41:53] Saving 7 values; 260 bytes
[2021-04-10 15:42:51] Saving 7 values; 260 bytes
[2021-04-10 15:43:51] Saving 7 values; 260 bytes
[2021-04-10 15:44:51] Saving 7 values; 260 bytes
[2021-04-10 15:45:51] Saving 7 values; 260 bytes
[2021-04-10 15:46:51] Saving 7 values; 260 bytes
[2021-04-10 15:47:22] Saving 7 values; 260 bytes
[2021-04-10 15:47:22] Saving 7 values; 260 bytes
[2021-04-10 15:47:22] Saving 7 values; 260 bytes
[2021-04-10 15:47:51] Saving 7 values; 260 bytes
[2021-04-10 15:48:51] Saving 7 values; 260 bytes
[2021-04-10 15:49:51] Saving 7 values; 260 bytes
[2021-04-10 15:50:51] Saving 7 values; 260 bytes
[2021-04-10 15:51:51] Saving 7 values; 260 bytes
[2021-04-10 15:52:51] Saving 7 values; 260 bytes
[2021-04-10 15:53:48] Saving 7 values; 260 bytes
[2021-04-10 15:53:48] Saving 7 values; 260 bytes
[2021-04-10 15:53:48] Saving 7 values; 260 bytes
[2021-04-10 15:53:51] Saving 7 values; 260 bytes
[2021-04-10 15:54:51] Saving 7 values; 260 bytes
[2021-04-10 15:55:51] Saving 7 values; 260 bytes
[2021-04-10 15:56:51] Saving 7 values; 260 bytes
[2021-04-10 15:57:51] Saving 7 values; 260 bytes
[2021-04-10 15:58:51] Saving 7 values; 260 bytes
[2021-04-10 15:59:51] Saving 7 values; 260 bytes
[2021-04-10 16:00:07] Saving 7 values; 260 bytes
[2021-04-10 16:00:07] Saving 7 values; 260 bytes
[2021-04-10 16:00:07] Saving 7 values; 260 bytes
[2021-04-10 16:00:51] Saving 7 values; 260 bytes
[2021-04-10 16:01:51] Saving 7 values; 260 bytes
[2021-04-10 16:02:51] Saving 7 values; 260 bytes
[2021-04-10 16:03:51] Saving 7 values; 260 bytes
[2021-04-10 16:04:51] Saving 7 values; 260 bytes
[2021-04-10 16:05:51] Saving 7 values; 260 bytes
[2021-04-10 16:06:38] Saving 7 values; 260 bytes
[2021-04-10 16:06:38] Saving 7 values; 260 bytes
[2021-04-10 16:06:38] Saving 7 values; 260 bytes
[2021-04-10 16:06:51] Saving 7 values; 260 bytes
[2021-04-10 16:07:51] Saving 7 values; 260 bytes
[2021-04-10 16:08:51] Saving 7 values; 260 bytes
[2021-04-10 16:09:51] Saving 7 values; 260 bytes
[2021-04-10 16:10:51] Saving 7 values; 260 bytes
[2021-04-10 16:11:51] Saving 7 values; 260 bytes
[2021-04-10 16:12:51] Saving 7 values; 260 bytes
[2021-04-10 16:13:12] Saving 7 values; 260 bytes
[2021-04-10 16:13:12] Saving 7 values; 260 bytes
[2021-04-10 16:13:12] Saving 7 values; 260 bytes
[2021-04-10 16:13:51] Saving 7 values; 260 bytes
[2021-04-10 16:14:51] Saving 7 values; 260 bytes
[2021-04-10 16:16:07] Loaded 7 values
[2021-04-10 16:16:07] Backed up config/settings.bin to config/settings_backup.bin (260 bytes)
[2021-04-10 16:16:08] Saving 7 values; 260 bytes
[2021-04-10 16:16:08] Saving 7 values; 260 bytes
[2021-04-10 16:16:09] Saving 7 values; 260 bytes
[2021-04-10 16:17:08] Saving 7 values; 260 bytes
[2021-04-10 16:18:08] Saving 7 values; 260 bytes
[2021-04-10 16:19:08] Saving 7 values; 260 bytes
[2021-04-10 16:19:51] Loaded 7 values
[2021-04-10 16:19:51] Backed up config/settings.bin to config/settings_backup.bin (260 bytes)
[2021-04-10 16:19:53] Saving 7 values; 260 bytes
[2021-04-10 16:19:53] Saving 7 values; 260 bytes
[2021-04-10 16:19:56] Saving 7 values; 260 bytes
[2021-04-10 16:20:28] Loaded 7 values
[2021-04-10 16:20:28] Backed up config/settings.bin to config/settings_backup.bin (260 bytes)
[2021-04-10 16:20:29] Saving 7 values; 260 bytes
[2021-04-10 16:20:29] Saving 7 values; 260 bytes
[2021-04-10 16:20:30] Saving 7 values; 260 bytes
[2021-04-10 16:21:16] Loaded 7 values
[2021-04-10 16:21:16] Backed up config/settings.bin to config/settings_backup.bin (260 bytes)
[2021-04-10 16:21:18] Saving 7 values; 260 bytes
[2021-04-10 16:21:18] Saving 7 values; 260 bytes
[2021-04-10 16:21:19] Saving 7 values; 260 bytes
[2021-04-10 16:21:56] Loaded 7 values
[2021-04-10 16:21:56] Backed up config/settings.bin to config/settings_backup.bin (260 bytes)
[2021-04-10 16:21:58] Saving 7 values; 260 bytes
[2021-04-10 16:21:58] Saving 7 values; 260 bytes
[2021-04-10 16:21:58] Saving 7 values; 260 bytes
[2021-04-10 16:22:58] Saving 7 values; 260 bytes
[2021-04-10 16:23:58] Saving 7 values; 260 bytes
[2021-04-10 16:24:54] Loaded 7 values
[2021-04-10 16:24:54] Backed up config/settings.bin to config/settings_backup.bin (260 bytes)
[2021-04-10 16:24:56] Saving 7 values; 260 bytes
[2021-04-10 16:24:56] Saving 7 values; 260 bytes
[2021-04-10 16:24:59] Saving 7 values; 260 bytes
[2021-04-10 16:25:18] Loaded 7 values
[2021-04-10 16:25:18] Backed up config/settings.bin to config/settings_backup.bin (260 bytes)
[2021-04-10 16:25:20] Saving 7 values; 260 bytes
[2021-04-10 16:25:20] Saving 7 values; 260 bytes
[2021-04-10 16:25:21] Saving 7 values; 260 bytes
[2021-04-10 16:25:57] Loaded 7 values
[2021-04-10 16:25:57] Backed up config/settings.bin to config/settings_backup.bin (260 bytes)
[2021-04-10 16:25:58] Saving 7 values; 260 bytes
[2021-04-10 16:25:58] Saving 7 values; 260 bytes
[2021-04-10 16:25:59] Saving 7 values; 260 bytes
[2021-04-10 16:26:32] Loaded 7 values
[2021-04-10 16:26:32] Backed up config/settings.bin to config/settings_backup.bin (260 bytes)
[2021-04-10 16:26:33] Saving 7 values; 260 bytes
[2021-04-10 16:26:33] Saving 7 values; 260 bytes
[2021-04-10 16:26:34] Saving 7 values; 260 bytes
[2021-04-10 16:29:44] Loaded 7 values
[2021-04-10 16:29:44] Backed up config/settings.bin to config/settings_backup.bin (260 bytes)
[2021-04-10 16:29:45] Saving 7 values; 260 bytes
[2021-04-10 16:29:45] Saving 7 values; 260 bytes
[2021-04-10 16:29:46] Saving 7 values; 260 bytes
[2021-04-10 16:30:19] Loaded 7 values
[2021-04-10 16:30:19] Backed up config/settings.bin to config/settings_backup.bin (260 bytes)
[2021-04-10 16:30:21] Saving 7 values; 260 bytes
[2021-04-10 16:30:21] Saving 7 values; 260 bytes
[2021-04-10 16:30:21] Saving 7 values; 260 bytes
[2021-04-10 16:31:21] Saving 7 values; 260 bytes
[2021-04-10 16:32:06] Loaded 7 values
[2021-04-10 16:32:06] Backed up config/settings.bin to config/settings_backup.bin (260 bytes)
[2021-04-10 16:32:07] Saving 7 values; 260 bytes
[2021-04-10 16:32:07] Saving 7 values; 260 bytes
[2021-04-10 16:32:08] Saving 7 values; 260 bytes
[2021-04-10 16:32:35] Loaded 7 values
[2021-04-10 16:32:35] Backed up config/settings.bin to config/settings_backup.bin (260 bytes)
[2021-04-10 16:32:36] Saving 7 values; 260 bytes
[2021-04-10 16:32:36] Saving 7 values; 260 bytes
[2021-04-10 16:32:36] Saving 7 values; 260 bytes
[2021-04-10 16:33:14] Loaded 7 values
[2021-04-10 16:33:14] Backed up config/settings.bin to config/settings_backup.bin (260 bytes)
[2021-04-10 16:33:16] Saving 7 values; 260 bytes
[2021-04-10 16:33:16] Saving 7 values; 260 bytes
[2021-04-10 16:33:16] Saving 7 values; 260 bytes
[2021-04-10 16:34:16] Saving 7 values; 260 bytes
[2021-04-10 16:35:16] Saving 7 values; 260 bytes
[2021-04-10 16:35:42] Loaded 7 values
[2021-04-10 16:35:42] Backed up config/settings.bin to config/settings_backup.bin (260 bytes)
[2021-04-10 16:35:43] Saving 7 values; 260 bytes
[2021-04-10 16:35:44] Saving 7 values; 260 bytes
[2021-04-10 16:35:44] Saving 7 values; 260 bytes
[2021-04-10 16:36:08] Loaded 7 values
[2021-04-10 16:36:08] Backed up config/settings.bin to config/settings_backup.bin (260 bytes)
[2021-04-10 16:36:09] Saving 7 values; 260 bytes
[2021-04-10 16:36:09] Saving 7 values; 260 bytes
[2021-04-10 16:36:10] Saving 7 values; 260 bytes
[2021-04-10 16:37:09] Saving 7 values; 260 bytes
[2021-04-10 16:37:54] Loaded 7 values
[2021-04-10 16:37:54] Backed up config/settings.bin to config/settings_backup.bin (260 bytes)
[2021-04-10 16:37:55] Saving 7 values; 260 bytes
[2021-04-10 16:37:55] Saving 7 values; 260 bytes
[2021-04-10 16:37:56] Saving 7 values; 260 bytes
[2021-04-10 16:38:14] Loaded 7 values
[2021-04-10 16:38:14] Backed up config/settings.bin to config/settings_backup.bin (260 bytes)
[2021-04-10 16:38:15] Saving 7 values; 260 bytes
[2021-04-10 16:38:15] Saving 7 values; 260 bytes
[2021-04-10 16:38:16] Saving 7 values; 260 bytes
[2021-04-10 16:38:43] Loaded 7 values
[2021-04-10 16:38:43] Backed up config/settings.bin to config/settings_backup.bin (260 bytes)
[2021-04-10 16:38:44] Saving 7 values; 260 bytes
[2021-04-10 16:38:44] Saving 7 values; 260 bytes
[2021-04-10 16:38:47] Saving 7 values; 260 bytes
[2021-04-10 16:40:55] Loaded 7 values
[2021-04-10 16:40:55] Backed up config/settings.bin to config/settings_backup.bin (260 bytes)
[2021-04-10 16:40:57] Saving 7 values; 260 bytes
[2021-04-10 16:40:57] Saving 7 values; 260 bytes
[2021-04-10 16:40:58] Saving 7 values; 260 bytes
[2021-04-10 16:41:57] Saving 7 values; 260 bytes
[2021-04-10 16:42:09] Loaded 7 values
[2021-04-10 16:42:09] Backed up config/settings.bin to config/settings_backup.bin (260 bytes)
[2021-04-10 16:42:10] Saving 7 values; 260 bytes
[2021-04-10 16:42:10] Saving 7 values; 260 bytes
[2021-04-10 16:42:11] Saving 7 values; 260 bytes
[2021-04-10 16:42:24] Loaded 7 values
[2021-04-10 16:42:24] Backed up config/settings.bin to config/settings_backup.bin (260 bytes)
[2021-04-10 16:42:26] Saving 7 values; 260 bytes
[2021-04-10 16:42:26] Saving 7 values; 260 bytes
[2021-04-10 16:42:27] Saving 7 values; 260 bytes
[2021-04-10 16:43:26] Saving 7 values; 260 bytes
[2021-04-10 16:44:26] Saving 7 values; 260 bytes
[2021-04-10 16:45:26] Saving 7 values; 260 bytes
[2021-04-10 16:46:26] Saving 7 values; 260 bytes
[2021-04-10 16:47:26] Saving 7 values; 260 bytes
[2021-04-10 16:48:26] Saving 7 values; 260 bytes
[2021-04-10 16:49:26] Saving 7 values; 260 bytes
[2021-04-10 16:50:26] Saving 7 values; 260 bytes
[2021-04-10 16:51:26] Saving 7 values; 260 bytes
[2021-04-10 16:52:26] Saving 7 values; 260 bytes
[2021-04-10 16:53:26] Saving 7 values; 260 bytes
[2021-04-10 16:54:26] Saving 7 values; 260 bytes
[2021-04-10 16:55:26] Saving 7 values; 260 bytes
[2021-04-10 16:56:26] Saving 7 values; 260 bytes
[2021-04-10 16:57:26] Saving 7 values; 260 bytes
[2021-04-10 16:58:26] Saving 7 values; 260 bytes
[2021-04-10 16:59:26] Saving 7 values; 260 bytes
[2021-04-10 17:01:37] Loaded 7 values
[2021-04-10 17:01:37] Backed up config/settings.bin to config/settings_backup.bin (260 bytes)
[2021-04-10 17:01:38] Saving 7 values; 260 bytes
[2021-04-10 17:01:38] Saving 7 values; 260 bytes
[2021-04-10 17:01:39] Saving 7 values; 260 bytes
[2021-04-10 17:02:27] Loaded 7 values
[2021-04-10 17:02:27] Backed up config/settings.bin to config/settings_backup.bin (260 bytes)
[2021-04-10 17:02:28] Saving 7 values; 260 bytes
[2021-04-10 17:02:28] Saving 7 values; 260 bytes
[2021-04-10 17:02:29] Saving 7 values; 260 bytes
[2021-04-10 17:03:04] Loaded 7 values
[2021-04-10 17:03:04] Backed up config/settings.bin to config/settings_backup.bin (260 bytes)
[2021-04-10 17:03:05] Saving 7 values; 260 bytes
[2021-04-10 17:03:05] Saving 7 values; 260 bytes
[2021-04-10 17:03:06] Saving 7 values; 260 bytes
[2021-04-10 17:03:25] Loaded 7 values
[2021-04-10 17:03:25] Backed up config/settings.bin to config/settings_backup.bin (260 bytes)
[2021-04-10 17:03:27] Saving 7 values; 260 bytes
[2021-04-10 17:03:27] Saving 7 values; 260 bytes
[2021-04-10 17:03:27] Saving 7 values; 260 bytes
[2021-04-10 17:04:22] Loaded 7 values
[2021-04-10 17:04:22] Backed up config/settings.bin to config/settings_backup.bin (260 bytes)
[2021-04-10 17:04:23] Saving 7 values; 260 bytes
[2021-04-10 17:04:23] Saving 7 values; 260 bytes
[2021-04-10 17:04:24] Saving 7 values; 260 bytes
[2021-04-10 17:04:27] Saving 7 values; 260 bytes
[2021-04-10 17:07:45] Loaded 7 values
[2021-04-10 17:07:45] Backed up config/settings.bin to config/settings_backup.bin (260 bytes)
[2021-04-10 17:07:46] Saving 7 values; 260 bytes
[2021-04-10 17:07:46] Saving 7 values; 260 bytes
[2021-04-10 17:07:47] Saving 7 values; 260 bytes
[2021-04-10 17:08:43] Loaded 7 values
[2021-04-10 17:08:43] Backed up config/settings.bin to config/settings_backup.bin (260 bytes)
[2021-04-10 17:08:45] Saving 7 values; 260 bytes
[2021-04-10 17:08:45] Saving 7 values; 260 bytes
[2021-04-10 17:08:46] Saving 7 values; 260 bytes
[2021-04-10 17:08:48] Saving 7 values; 260 bytes
[2021-04-10 17:09:20] Loaded 7 values
[2021-04-10 17:09:20] Backed up config/settings.bin to config/settings_backup.bin (260 bytes)
[2021-04-10 17:09:21] Saving 7 values; 260 bytes
[2021-04-10 17:09:21] Saving 7 values; 260 bytes
[2021-04-10 17:09:22] Saving 7 values; 260 bytes
[2021-04-10 17:09:58] Loaded 7 values
[2021-04-10 17:09:58] Backed up config/settings.bin to config/settings_backup.bin (260 bytes)
[2021-04-10 17:10:00] Saving 7 values; 260 bytes
[2021-04-10 17:10:00] Saving 7 values; 260 bytes
[2021-04-10 17:10:00] Saving 7 values; 260 bytes
[2021-04-10 17:11:00] Saving 7 values; 260 bytes
[2021-04-10 17:12:00] Saving 7 values; 260 bytes
[2021-04-10 17:13:00] Saving 7 values; 260 bytes
[2021-04-10 17:13:56] Loaded 7 values
[2021-04-10 17:13:56] Backed up config/settings.bin to config/settings_backup.bin (260 bytes)
[2021-04-10 17:13:58] Saving 7 values; 260 bytes
[2021-04-10 17:13:58] Saving 7 values; 260 bytes
[2021-04-10 17:13:58] Saving 7 values; 260 bytes
[2021-04-10 17:14:22] Loaded 7 values
[2021-04-10 17:14:22] Backed up config/settings.bin to config/settings_backup.bin (260 bytes)
[2021-04-10 17:14:23] Saving 7 values; 260 bytes
[2021-04-10 17:14:23] Saving 7 values; 260 bytes
[2021-04-10 17:14:24] Saving 7 values; 260 bytes
[2021-04-10 17:15:23] Saving 7 values; 260 bytes
[2021-04-10 17:16:23] Saving 7 values; 260 bytes
[2021-04-10 17:16:40] Loaded 7 values
[2021-04-10 17:16:40] Backed up config/settings.bin to config/settings_backup.bin (260 bytes)
[2021-04-10 17:16:41] Saving 7 values; 260 bytes
[2021-04-10 17:16:41] Saving 7 values; 260 bytes
[2021-04-10 17:16:42] Saving 7 values; 260 bytes
[2021-04-10 17:17:08] Loaded 7 values
[2021-04-10 17:17:08] Backed up config/settings.bin to config/settings_backup.bin (260 bytes)
[2021-04-10 17:17:09] Saving 7 values; 260 bytes
[2021-04-10 17:17:09] Saving 7 values; 260 bytes
[2021-04-10 17:17:10] Saving 7 values; 260 bytes
[2021-04-10 17:18:09] Saving 7 values; 260 bytes
[2021-04-10 17:19:09] Saving 7 values; 260 bytes
[2021-04-10 17:20:09] Saving 7 values; 260 bytes
[2021-04-10 17:20:34] Loaded 7 values
[2021-04-10 17:20:34] Backed up config/settings.bin to config/settings_backup.bin (260 bytes)
[2021-04-10 17:20:36] Saving 7 values; 260 bytes
[2021-04-10 17:20:36] Saving 7 values; 260 bytes
[2021-04-10 17:20:37] Saving 7 values; 260 bytes
[2021-04-10 17:20:43] Loaded 7 values
[2021-04-10 17:20:43] Backed up config/settings.bin to config/settings_backup.bin (260 bytes)
[2021-04-10 17:20:44] Saving 7 values; 260 bytes
[2021-04-10 17:20:44] Saving 7 values; 260 bytes
[2021-04-10 17:20:45] Saving 7 values; 260 bytes
[2021-04-10 17:21:44] Saving 7 values; 260 bytes
[2021-04-10 17:22:44] Saving 7 values; 260 bytes
[2021-04-10 17:23:44] Saving 7 values; 260 bytes
[2021-04-10 17:25:01] Loaded 7 values
[2021-04-10 17:25:01] Backed up config/settings.bin to config/settings_backup.bin (260 bytes)
[2021-04-10 17:25:03] Saving 7 values; 260 bytes
[2021-04-10 17:25:03] Saving 7 values; 260 bytes
[2021-04-10 17:25:03] Saving 7 values; 260 bytes
[2021-04-10 17:26:03] Saving 7 values; 260 bytes
[2021-04-10 17:27:03] Saving 7 values; 260 bytes
[2021-04-10 17:28:03] Saving 7 values; 260 bytes
[2021-04-10 17:28:55] Loaded 7 values
[2021-04-10 17:28:55] Backed up config/settings.bin to config/settings_backup.bin (260 bytes)
[2021-04-10 17:28:56] Saving 7 values; 260 bytes
[2021-04-10 17:28:56] Saving 7 values; 260 bytes
[2021-04-10 17:28:57] Saving 7 values; 260 bytes
[2021-04-10 17:29:06] Loaded 7 values
[2021-04-10 17:29:06] Backed up config/settings.bin to config/settings_backup.bin (260 bytes)
[2021-04-10 17:29:07] Saving 7 values; 260 bytes
[2021-04-10 17:29:07] Saving 7 values; 260 bytes
[2021-04-10 17:29:08] Saving 7 values; 260 bytes
[2021-04-10 17:29:31] Loaded 7 values
[2021-04-10 17:29:31] Backed up config/settings.bin to config/settings_backup.bin (260 bytes)
[2021-04-10 17:29:32] Saving 7 values; 260 bytes
[2021-04-10 17:29:32] Saving 7 values; 260 bytes
[2021-04-10 17:29:35] Saving 7 values; 260 bytes
[2021-04-10 17:30:23] Loaded 7 values
[2021-04-10 17:30:23] Backed up config/settings.bin to config/settings_backup.bin (260 bytes)
[2021-04-10 17:30:24] Saving 7 values; 260 bytes
[2021-04-10 17:30:24] Saving 7 values; 260 bytes
[2021-04-10 17:30:25] Saving 7 values; 260 bytes
[2021-04-10 17:31:24] Saving 7 values; 260 bytes
[2021-04-10 17:31:33] Loaded 7 values
[2021-04-10 17:31:33] Backed up config/settings.bin to config/settings_backup.bin (260 bytes)
[2021-04-10 17:31:35] Saving 7 values; 260 bytes
[2021-04-10 17:31:35] Saving 7 values; 260 bytes
[2021-04-10 17:31:37] Saving 7 values; 260 bytes
[2021-04-10 17:32:35] Saving 7 values; 260 bytes
[2021-04-10 17:33:35] Saving 7 values; 260 bytes
[2021-04-10 17:34:13] Loaded 7 values
[2021-04-10 17:34:13] Backed up config/settings.bin to config/settings_backup.bin (260 bytes)
[2021-04-10 17:34:14] Saving 7 values; 260 bytes
[2021-04-10 17:34:14] Saving 7 values; 260 bytes
[2021-04-10 17:34:15] Saving 7 values; 260 bytes
[2021-04-10 17:34:23] Loaded 7 values
[2021-04-10 17:34:23] Backed up config/settings.bin to config/settings_backup.bin (260 bytes)
[2021-04-10 17:34:25] Saving 7 values; 260 bytes
[2021-04-10 17:34:25] Saving 7 values; 260 bytes
[2021-04-10 17:34:25] Saving 7 values; 260 bytes
[2021-04-10 17:35:11] Loaded 7 values
[2021-04-10 17:35:11] Backed up config/settings.bin to config/settings_backup.bin (260 bytes)
[2021-04-10 17:35:13] Saving 7 values; 260 bytes
[2021-04-10 17:35:13] Saving 7 values; 260 bytes
[2021-04-10 17:35:13] Saving 7 values; 260 bytes
[2021-04-10 17:35:50] Loaded 7 values
[2021-04-10 17:35:50] Backed up config/settings.bin to config/settings_backup.bin (260 bytes)
[2021-04-10 17:35:51] Saving 7 values; 260 bytes
[2021-04-10 17:35:51] Saving 7 values; 260 bytes
[2021-04-10 17:35:52] Saving 7 values; 260 bytes
[2021-04-10 17:36:44] Loaded 7 values
[2021-04-10 17:36:44] Backed up config/settings.bin to config/settings_backup.bin (260 bytes)
[2021-04-10 17:36:45] Saving 7 values; 260 bytes
[2021-04-10 17:36:45] Saving 7 values; 260 bytes
[2021-04-10 17:36:46] Saving 7 values; 260 bytes
[2021-04-10 17:37:45] Saving 7 values; 260 bytes
[2021-04-10 17:38:45] Saving 7 values; 260 bytes
[2021-04-10 17:39:45] Saving 7 values; 260 bytes
[2021-04-10 17:40:43] Loaded 7 values
[2021-04-10 17:40:43] Backed up config/settings.bin to config/settings_backup.bin (260 bytes)
[2021-04-10 17:40:44] Saving 7 values; 260 bytes
[2021-04-10 17:40:44] Saving 7 values; 260 bytes
[2021-04-10 17:40:45] Saving 7 values; 260 bytes
[2021-04-10 17:40:45] Saving 7 values; 260 bytes
[2021-04-10 17:41:05] Loaded 7 values
[2021-04-10 17:41:05] Backed up config/settings.bin to config/settings_backup.bin (260 bytes)
[2021-04-10 17:41:07] Saving 7 values; 260 bytes
[2021-04-10 17:41:07] Saving 7 values; 260 bytes
[2021-04-10 17:41:07] Saving 7 values; 260 bytes
[2021-04-10 17:42:07] Saving 7 values; 260 bytes
[2021-04-10 17:43:07] Saving 7 values; 260 bytes
[2021-04-10 17:43:18] Loaded 7 values
[2021-04-10 17:43:18] Backed up config/settings.bin to config/settings_backup.bin (260 bytes)
[2021-04-10 17:43:19] Saving 7 values; 260 bytes
[2021-04-10 17:43:19] Saving 7 values; 260 bytes
[2021-04-10 17:43:20] Saving 7 values; 260 bytes
[2021-04-10 17:43:50] Loaded 7 values
[2021-04-10 17:43:50] Backed up config/settings.bin to config/settings_backup.bin (260 bytes)
[2021-04-10 17:43:52] Saving 7 values; 260 bytes
[2021-04-10 17:43:52] Saving 7 values; 260 bytes
[2021-04-10 17:43:53] Saving 7 values; 260 bytes
[2021-04-10 17:44:37] Loaded 7 values
[2021-04-10 17:44:37] Backed up config/settings.bin to config/settings_backup.bin (260 bytes)
[2021-04-10 17:44:39] Saving 7 values; 260 bytes
[2021-04-10 17:44:39] Saving 7 values; 260 bytes
[2021-04-10 17:44:39] Saving 7 values; 260 bytes
[2021-04-10 17:45:39] Saving 7 values; 260 bytes
[2021-04-10 17:46:39] Saving 7 values; 260 bytes
[2021-04-10 17:47:18] Loaded 7 values
[2021-04-10 17:47:18] Backed up config/settings.bin to config/settings_backup.bin (260 bytes)
[2021-04-10 17:47:19] Saving 7 values; 260 bytes
[2021-04-10 17:47:19] Saving 7 values; 260 bytes
[2021-04-10 17:47:20] Saving 7 values; 260 bytes
[2021-04-10 17:48:19] Saving 7 values; 260 bytes
[2021-04-10 17:49:20] Loaded 7 values
[2021-04-10 17:49:20] Backed up config/settings.bin to config/settings_backup.bin (260 bytes)
[2021-04-10 17:49:21] Saving 7 values; 260 bytes
[2021-04-10 17:49:21] Saving 7 values; 260 bytes
[2021-04-10 17:49:22] Saving 7 values; 260 bytes
[2021-04-10 17:49:55] Loaded 7 values
[2021-04-10 17:49:55] Backed up config/settings.bin to config/settings_backup.bin (260 bytes)
[2021-04-10 17:49:57] Saving 7 values; 260 bytes
[2021-04-10 17:49:57] Saving 7 values; 260 bytes
[2021-04-10 17:49:57] Saving 7 values; 260 bytes
[2021-04-10 17:50:31] Loaded 7 values
[2021-04-10 17:50:31] Backed up config/settings.bin to config/settings_backup.bin (260 bytes)
[2021-04-10 17:50:33] Saving 7 values; 260 bytes
[2021-04-10 17:50:33] Saving 7 values; 260 bytes
[2021-04-10 17:50:34] Saving 7 values; 260 bytes
[2021-04-10 17:51:33] Saving 7 values; 260 bytes
[2021-04-10 17:51:43] Loaded 7 values
[2021-04-10 17:51:43] Backed up config/settings.bin to config/settings_backup.bin (260 bytes)
[2021-04-10 17:51:45] Saving 7 values; 260 bytes
[2021-04-10 17:51:45] Saving 7 values; 260 bytes
[2021-04-10 17:51:46] Saving 7 values; 260 bytes
[2021-04-10 17:52:45] Saving 7 values; 260 bytes
[2021-04-10 17:53:34] Loaded 7 values
[2021-04-10 17:53:34] Backed up config/settings.bin to config/settings_backup.bin (260 bytes)
[2021-04-10 17:53:35] Saving 7 values; 260 bytes
[2021-04-10 17:53:35] Saving 7 values; 260 bytes
[2021-04-10 17:53:36] Saving 7 values; 260 bytes
[2021-04-10 17:54:35] Saving 7 values; 260 bytes
[2021-04-10 17:55:35] Saving 7 values; 260 bytes
[2021-04-10 17:56:35] Saving 7 values; 260 bytes
[2021-04-10 17:56:44] Loaded 7 values
[2021-04-10 17:56:44] Backed up config/settings.bin to config/settings_backup.bin (260 bytes)
[2021-04-10 17:56:45] Saving 7 values; 260 bytes
[2021-04-10 17:56:45] Saving 7 values; 260 bytes
[2021-04-10 17:56:46] Saving 7 values; 260 bytes
[2021-04-10 17:57:45] Saving 7 values; 260 bytes
[2021-04-10 17:58:45] Saving 7 values; 260 bytes
[2021-04-10 17:59:45] Saving 7 values; 260 bytes
[2021-04-10 18:00:45] Saving 7 values; 260 bytes
[2021-04-10 18:01:45] Saving 7 values; 260 bytes
[2021-04-10 18:02:45] Saving 7 values; 260 bytes
[2021-04-10 18:03:15] Saving 7 values; 260 bytes
[2021-04-10 18:03:15] Saving 7 values; 260 bytes
[2021-04-10 18:03:15] Saving 7 values; 260 bytes
[2021-04-10 18:03:45] Saving 7 values; 260 bytes
[2021-04-10 18:04:45] Saving 7 values; 260 bytes
[2021-04-10 18:05:45] Saving 7 values; 260 bytes
[2021-04-10 18:06:45] Saving 7 values; 260 bytes
[2021-04-10 18:07:45] Saving 7 values; 260 bytes
[2021-04-10 18:08:45] Saving 7 values; 260 bytes
[2021-04-10 18:09:16] Saving 7 values; 260 bytes
[2021-04-10 18:09:16] Saving 7 values; 260 bytes
[2021-04-10 18:09:17] Saving 7 values; 260 bytes
[2021-04-10 18:09:45] Saving 7 values; 260 bytes
[2021-04-10 18:10:45] Saving 7 values; 260 bytes
[2021-04-10 18:11:45] Saving 7 values; 260 bytes
[2021-04-10 18:12:45] Saving 7 values; 260 bytes
[2021-04-10 18:13:45] Saving 7 values; 260 bytes
[2021-04-10 18:14:45] Saving 7 values; 260 bytes
[2021-04-10 18:15:45] Saving 7 values; 260 bytes
[2021-04-10 18:16:45] Saving 7 values; 260 bytes
[2021-04-10 18:17:45] Saving 7 values; 260 bytes
[2021-04-10 18:18:12] Saving 7 values; 260 bytes
[2021-04-10 18:18:12] Saving 7 values; 260 bytes
[2021-04-10 18:18:12] Saving 7 values; 260 bytes
[2021-04-10 18:18:45] Saving 7 values; 260 bytes
[2021-04-10 18:19:45] Saving 7 values; 260 bytes
[2021-04-10 18:20:45] Saving 7 values; 260 bytes
[2021-04-10 18:21:45] Saving 7 values; 260 bytes
[2021-04-10 18:22:45] Saving 7 values; 260 bytes
[2021-04-10 18:23:45] Saving 7 values; 260 bytes
[2021-04-10 18:23:45] Saving 7 values; 260 bytes
[2021-04-10 18:23:45] Saving 7 values; 260 bytes
[2021-04-10 18:23:45] Saving 7 values; 260 bytes
[2021-04-10 18:24:45] Saving 7 values; 260 bytes
[2021-04-10 18:25:45] Saving 7 values; 260 bytes
[2021-04-10 18:26:45] Saving 7 values; 260 bytes
[2021-04-10 18:27:45] Saving 7 values; 260 bytes
[2021-04-10 18:28:45] Saving 7 values; 260 bytes
[2021-04-10 18:29:45] Saving 7 values; 260 bytes
[2021-04-10 18:30:03] Saving 7 values; 260 bytes
[2021-04-10 18:30:03] Saving 7 values; 260 bytes
[2021-04-10 18:30:03] Saving 7 values; 260 bytes
[2021-04-10 18:30:45] Saving 7 values; 260 bytes
[2021-04-10 18:31:45] Saving 7 values; 260 bytes
[2021-04-10 18:32:45] Saving 7 values; 260 bytes
[2021-04-10 18:33:45] Saving 7 values; 260 bytes
[2021-04-10 18:34:45] Saving 7 values; 260 bytes
[2021-04-10 18:35:45] Saving 7 values; 260 bytes
[2021-04-10 18:36:00] Saving 7 values; 260 bytes
[2021-04-10 18:36:00] Saving 7 values; 260 bytes
[2021-04-10 18:36:01] Saving 7 values; 260 bytes
[2021-04-10 18:36:45] Saving 7 values; 260 bytes
[2021-04-10 18:37:45] Saving 7 values; 260 bytes
[2021-04-10 18:38:45] Saving 7 values; 260 bytes
[2021-04-10 18:39:45] Saving 7 values; 260 bytes
[2021-04-10 18:40:45] Saving 7 values; 260 bytes
[2021-04-10 18:41:45] Saving 7 values; 260 bytes
[2021-04-10 18:41:57] Saving 7 values; 260 bytes
[2021-04-10 18:41:57] Saving 7 values; 260 bytes
[2021-04-10 18:41:57] Saving 7 values; 260 bytes
[2021-04-10 18:42:45] Saving 7 values; 260 bytes
[2021-04-10 18:43:45] Saving 7 values; 260 bytes
[2021-04-10 18:44:45] Saving 7 values; 260 bytes
[2021-04-10 18:45:45] Saving 7 values; 260 bytes
[2021-04-10 18:46:45] Saving 7 values; 260 bytes
[2021-04-10 18:47:45] Saving 7 values; 260 bytes
[2021-04-10 18:47:58] Saving 7 values; 260 bytes
[2021-04-10 18:47:58] Saving 7 values; 260 bytes
[2021-04-10 18:47:58] Saving 7 values; 260 bytes
[2021-04-10 18:48:45] Saving 7 values; 260 bytes
[2021-04-10 18:49:45] Saving 7 values; 260 bytes
[2021-04-10 18:50:45] Saving 7 values; 260 bytes
[2021-04-10 18:51:45] Saving 7 values; 260 bytes
[2021-04-10 18:52:45] Saving 7 values; 260 bytes
[2021-04-10 18:53:45] Saving 7 values; 260 bytes
[2021-04-10 18:54:28] Saving 7 values; 260 bytes
[2021-04-10 18:54:28] Saving 7 values; 260 bytes
[2021-04-10 18:54:29] Saving 7 values; 260 bytes
[2021-04-10 18:54:45] Saving 7 values; 260 bytes
[2021-04-10 18:55:45] Saving 7 values; 260 bytes
[2021-04-10 18:56:45] Saving 7 values; 260 bytes
[2021-04-10 18:57:45] Saving 7 values; 260 bytes
[2021-04-10 18:58:45] Saving 7 values; 260 bytes
[2021-04-10 18:59:45] Saving 7 values; 260 bytes
[2021-04-10 19:00:24] Saving 7 values; 260 bytes
[2021-04-10 19:00:24] Saving 7 values; 260 bytes
[2021-04-10 19:00:24] Saving 7 values; 260 bytes
[2021-04-10 19:00:45] Saving 7 values; 260 bytes
[2021-04-10 19:01:37] Loaded 7 values
[2021-04-10 19:01:37] Backed up config/settings.bin to config/settings_backup.bin (260 bytes)
[2021-04-10 19:01:38] Saving 7 values; 260 bytes
[2021-04-10 19:01:38] Saving 7 values; 260 bytes
[2021-04-10 19:01:39] Saving 7 values; 260 bytes
[2021-04-10 19:02:38] Loaded 7 values
[2021-04-10 19:02:38] Backed up config/settings.bin to config/settings_backup.bin (260 bytes)
[2021-04-10 19:02:40] Saving 7 values; 260 bytes
[2021-04-10 19:02:40] Saving 7 values; 260 bytes
[2021-04-10 19:02:40] Saving 7 values; 260 bytes
[2021-04-10 19:03:40] Saving 7 values; 260 bytes
[2021-04-10 19:04:29] Loaded 7 values
[2021-04-10 19:04:29] Backed up config/settings.bin to config/settings_backup.bin (260 bytes)
[2021-04-10 19:04:31] Saving 7 values; 260 bytes
[2021-04-10 19:04:31] Saving 7 values; 260 bytes
[2021-04-10 19:04:31] Saving 7 values; 260 bytes
[2021-04-10 19:05:31] Saving 7 values; 260 bytes
[2021-04-10 19:06:31] Saving 7 values; 260 bytes
[2021-04-10 19:07:31] Saving 7 values; 260 bytes
[2021-04-10 19:08:31] Saving 7 values; 260 bytes
[2021-04-10 19:09:31] Saving 7 values; 260 bytes
[2021-04-10 19:10:03] Saving 7 values; 260 bytes
[2021-04-10 19:10:03] Saving 7 values; 260 bytes
[2021-04-10 19:10:03] Saving 7 values; 260 bytes
[2021-04-10 19:10:31] Saving 7 values; 260 bytes
[2021-04-10 19:11:31] Saving 7 values; 260 bytes
[2021-04-10 19:12:31] Saving 7 values; 260 bytes
[2021-04-10 19:13:31] Saving 7 values; 260 bytes
[2021-04-10 19:14:31] Saving 7 values; 260 bytes
[2021-04-10 19:15:31] Saving 7 values; 260 bytes
[2021-04-10 19:16:31] Saving 7 values; 260 bytes
[2021-04-10 19:17:25] Saving 7 values; 260 bytes
[2021-04-10 19:17:25] Saving 7 values; 260 bytes
[2021-04-10 19:17:26] Saving 7 values; 260 bytes
[2021-04-10 19:17:31] Saving 7 values; 260 bytes
[2021-04-10 19:18:31] Saving 7 values; 260 bytes
[2021-04-10 19:19:31] Saving 7 values; 260 bytes
[2021-04-10 19:20:31] Saving 7 values; 260 bytes
[2021-04-10 19:21:31] Saving 7 values; 260 bytes
[2021-04-10 19:22:31] Saving 7 values; 260 bytes
[2021-04-10 19:23:31] Saving 7 values; 260 bytes
[2021-04-10 19:23:33] Saving 7 values; 260 bytes
[2021-04-10 19:23:33] Saving 7 values; 260 bytes
[2021-04-10 19:23:33] Saving 7 values; 260 bytes
[2021-04-10 19:24:31] Saving 7 values; 260 bytes
[2021-04-10 19:25:31] Saving 7 values; 260 bytes
[2021-04-10 19:26:31] Saving 7 values; 260 bytes
[2021-04-10 19:27:31] Saving 7 values; 260 bytes
[2021-04-10 19:28:31] Saving 7 values; 260 bytes
[2021-04-10 19:29:31] Saving 7 values; 260 bytes
[2021-04-10 19:30:14] Saving 7 values; 260 bytes
[2021-04-10 19:30:14] Saving 7 values; 260 bytes
[2021-04-10 19:30:14] Saving 7 values; 260 bytes
[2021-04-10 19:30:31] Saving 7 values; 260 bytes
[2021-04-10 19:31:31] Saving 7 values; 260 bytes
[2021-04-10 19:32:31] Saving 7 values; 260 bytes
[2021-04-10 19:33:31] Saving 7 values; 260 bytes
[2021-04-10 19:34:31] Saving 7 values; 260 bytes
[2021-04-10 19:35:31] Saving 7 values; 260 bytes
[2021-04-10 19:36:24] Saving 7 values; 260 bytes
[2021-04-10 19:36:24] Saving 7 values; 260 bytes
[2021-04-10 19:36:24] Saving 7 values; 260 bytes
[2021-04-10 19:36:31] Saving 7 values; 260 bytes
[2021-04-10 19:37:31] Saving 7 values; 260 bytes
[2021-04-10 19:38:31] Saving 7 values; 260 bytes
[2021-04-10 19:39:31] Saving 7 values; 260 bytes
[2021-04-10 19:40:31] Saving 7 values; 260 bytes
[2021-04-10 19:41:31] Saving 7 values; 260 bytes
[2021-04-10 19:42:31] Saving 7 values; 260 bytes
[2021-04-10 19:43:05] Saving 7 values; 260 bytes
[2021-04-10 19:43:05] Saving 7 values; 260 bytes
[2021-04-10 19:43:05] Saving 7 values; 260 bytes
[2021-04-10 19:43:31] Saving 7 values; 260 bytes
[2021-04-10 19:44:31] Saving 7 values; 260 bytes
[2021-04-10 19:45:31] Saving 7 values; 260 bytes
[2021-04-10 19:46:31] Saving 7 values; 260 bytes
[2021-04-10 19:47:31] Saving 7 values; 260 bytes
[2021-04-10 19:48:31] Saving 7 values; 260 bytes
[2021-04-10 19:49:31] Saving 7 values; 260 bytes
[2021-04-10 19:49:36] Saving 7 values; 260 bytes
[2021-04-10 19:49:36] Saving 7 values; 260 bytes
[2021-04-10 19:49:36] Saving 7 values; 260 bytes
[2021-04-10 19:50:31] Saving 7 values; 260 bytes
[2021-04-10 19:51:31] Saving 7 values; 260 bytes
[2021-04-10 19:52:31] Saving 7 values; 260 bytes
[2021-04-10 19:53:31] Saving 7 values; 260 bytes
[2021-04-10 19:54:31] Saving 7 values; 260 bytes
[2021-04-10 19:55:31] Saving 7 values; 260 bytes
[2021-04-10 19:55:32] Saving 7 values; 260 bytes
[2021-04-10 19:55:32] Saving 7 values; 260 bytes
[2021-04-10 19:55:32] Saving 7 values; 260 bytes
[2021-04-10 19:56:31] Saving 7 values; 260 bytes
[2021-04-10 19:57:31] Saving 7 values; 260 bytes
[2021-04-10 19:58:31] Saving 7 values; 260 bytes
[2021-04-10 19:59:31] Saving 7 values; 260 bytes
[2021-04-10 20:00:31] Saving 7 values; 260 bytes
[2021-04-10 20:01:18] Saving 7 values; 260 bytes
[2021-04-10 20:01:18] Saving 7 values; 260 bytes
[2021-04-10 20:01:19] Saving 7 values; 260 bytes
[2021-04-10 20:01:31] Saving 7 values; 260 bytes
[2021-04-10 20:02:31] Saving 7 values; 260 bytes
[2021-04-10 20:03:31] Saving 7 values; 260 bytes
[2021-04-10 20:04:31] Saving 7 values; 260 bytes
[2021-04-10 20:05:31] Saving 7 values; 260 bytes
[2021-04-10 20:06:31] Saving 7 values; 260 bytes
[2021-04-10 20:07:17] Saving 7 values; 260 bytes
[2021-04-10 20:07:17] Saving 7 values; 260 bytes
[2021-04-10 20:07:17] Saving 7 values; 260 bytes
[2021-04-10 20:07:31] Saving 7 values; 260 bytes
[2021-04-10 20:08:31] Saving 7 values; 260 bytes
[2021-04-10 20:09:31] Saving 7 values; 260 bytes
[2021-04-10 20:10:31] Saving 7 values; 260 bytes
[2021-04-10 20:11:31] Saving 7 values; 260 bytes
[2021-04-10 20:12:31] Saving 7 values; 260 bytes
[2021-04-10 20:13:04] Saving 7 values; 260 bytes
[2021-04-10 20:13:04] Saving 7 values; 260 bytes
[2021-04-10 20:13:04] Saving 7 values; 260 bytes
[2021-04-10 20:13:31] Saving 7 values; 260 bytes
[2021-04-10 20:14:31] Saving 7 values; 260 bytes
[2021-04-10 20:15:31] Saving 7 values; 260 bytes
[2021-04-10 20:16:31] Saving 7 values; 260 bytes
[2021-04-10 20:17:31] Saving 7 values; 260 bytes
[2021-04-10 20:18:31] Saving 7 values; 260 bytes
[2021-04-10 20:19:31] Saving 7 values; 260 bytes
[2021-04-10 20:19:35] Saving 7 values; 260 bytes
[2021-04-10 20:19:35] Saving 7 values; 260 bytes
[2021-04-10 20:19:35] Saving 7 values; 260 bytes
[2021-04-10 20:20:31] Saving 7 values; 260 bytes
[2021-04-10 20:21:31] Saving 7 values; 260 bytes
[2021-04-10 20:22:31] Saving 7 values; 260 bytes
[2021-04-10 20:23:31] Saving 7 values; 260 bytes
[2021-04-10 20:24:31] Saving 7 values; 260 bytes
[2021-04-10 20:25:31] Saving 7 values; 260 bytes
[2021-04-10 20:26:05] Saving 7 values; 260 bytes
[2021-04-10 20:26:05] Saving 7 values; 260 bytes
[2021-04-10 20:26:06] Saving 7 values; 260 bytes
[2021-04-10 20:26:31] Saving 7 values; 260 bytes
[2021-04-10 20:27:31] Saving 7 values; 260 bytes
[2021-04-10 20:28:31] Saving 7 values; 260 bytes
[2021-04-10 20:29:31] Saving 7 values; 260 bytes
[2021-04-10 20:30:31] Saving 7 values; 260 bytes
[2021-04-10 20:31:31] Saving 7 values; 260 bytes
[2021-04-10 20:31:54] Saving 7 values; 260 bytes
[2021-04-10 20:31:54] Saving 7 values; 260 bytes
[2021-04-10 20:31:55] Saving 7 values; 260 bytes
[2021-04-10 20:32:31] Saving 7 values; 260 bytes
[2021-04-10 20:33:31] Saving 7 values; 260 bytes
[2021-04-10 20:34:31] Saving 7 values; 368 bytes
[2021-04-10 20:35:31] Saving 7 values; 368 bytes
[2021-04-10 20:36:31] Saving 7 values; 368 bytes
[2021-04-10 20:37:31] Saving 7 values; 368 bytes
[2021-04-10 20:38:31] Saving 7 values; 368 bytes
[2021-04-10 20:39:12] Saving 7 values; 368 bytes
[2021-04-10 20:39:12] Saving 7 values; 368 bytes
[2021-04-10 20:39:12] Saving 7 values; 368 bytes
[2021-04-10 20:39:31] Saving 7 values; 368 bytes
[2021-04-10 20:40:31] Saving 7 values; 368 bytes
[2021-04-10 20:41:31] Saving 7 values; 368 bytes
[2021-04-10 20:42:31] Saving 7 values; 368 bytes
[2021-04-10 20:43:31] Saving 7 values; 368 bytes
[2021-04-10 20:44:31] Saving 7 values; 368 bytes
[2021-04-10 20:45:31] Saving 7 values; 368 bytes
[2021-04-10 20:45:42] Saving 7 values; 368 bytes
[2021-04-10 20:45:42] Saving 7 values; 368 bytes
[2021-04-10 20:45:42] Saving 7 values; 368 bytes
[2021-04-10 20:46:31] Saving 7 values; 368 bytes
[2021-04-10 20:47:31] Saving 7 values; 368 bytes
[2021-04-10 20:48:31] Saving 7 values; 368 bytes
[2021-04-10 20:49:31] Saving 7 values; 368 bytes
[2021-04-10 20:50:31] Saving 7 values; 368 bytes
[2021-04-10 20:51:31] Saving 7 values; 368 bytes
[2021-04-10 20:51:39] Saving 7 values; 368 bytes
[2021-04-10 20:51:39] Saving 7 values; 368 bytes
[2021-04-10 20:51:39] Saving 7 values; 368 bytes
[2021-04-10 20:52:31] Saving 7 values; 368 bytes
[2021-04-10 20:53:31] Saving 7 values; 368 bytes
[2021-04-10 20:54:31] Saving 7 values; 368 bytes
[2021-04-10 20:55:31] Saving 7 values; 368 bytes
[2021-04-10 20:56:31] Saving 7 values; 368 bytes
[2021-04-10 20:57:31] Saving 7 values; 368 bytes
[2021-04-10 20:58:20] Saving 7 values; 368 bytes
[2021-04-10 20:58:20] Saving 7 values; 368 bytes
[2021-04-10 20:58:20] Saving 7 values; 368 bytes
[2021-04-10 20:58:31] Saving 7 values; 368 bytes
[2021-04-10 20:59:31] Saving 7 values; 368 bytes
[2021-04-10 21:00:31] Saving 7 values; 368 bytes
[2021-04-10 21:01:31] Saving 7 values; 368 bytes
[2021-04-10 21:02:31] Saving 7 values; 368 bytes
[2021-04-10 21:03:31] Saving 7 values; 368 bytes
[2021-04-10 21:03:54] Saving 7 values; 368 bytes
[2021-04-10 21:03:54] Saving 7 values; 368 bytes
[2021-04-10 21:03:54] Saving 7 values; 368 bytes
[2021-04-10 21:04:31] Saving 7 values; 368 bytes
[2021-04-10 21:05:31] Saving 7 values; 368 bytes
[2021-04-10 21:06:31] Saving 7 values; 368 bytes
[2021-04-10 21:07:31] Saving 7 values; 368 bytes
[2021-04-10 21:08:31] Saving 7 values; 368 bytes
[2021-04-10 21:09:31] Saving 7 values; 368 bytes
[2021-04-10 21:09:55] Saving 7 values; 368 bytes
[2021-04-10 21:09:55] Saving 7 values; 368 bytes
[2021-04-10 21:09:55] Saving 7 values; 368 bytes
[2021-04-10 21:10:31] Saving 7 values; 368 bytes
[2021-04-10 21:11:31] Saving 7 values; 368 bytes
[2021-04-10 21:12:31] Saving 7 values; 368 bytes
[2021-04-10 21:13:31] Saving 7 values; 368 bytes
[2021-04-10 21:14:31] Saving 7 values; 368 bytes
[2021-04-10 21:15:31] Saving 7 values; 368 bytes
[2021-04-10 21:16:15] Saving 7 values; 368 bytes
[2021-04-10 21:16:15] Saving 7 values; 368 bytes
[2021-04-10 21:16:15] Saving 7 values; 368 bytes
[2021-04-10 21:16:31] Saving 7 values; 368 bytes
[2021-04-10 21:17:31] Saving 7 values; 368 bytes
[2021-04-10 21:18:31] Saving 7 values; 368 bytes
[2021-04-10 21:19:31] Saving 7 values; 368 bytes
[2021-04-10 21:20:31] Saving 7 values; 368 bytes
[2021-04-10 21:21:31] Saving 7 values; 368 bytes
[2021-04-10 21:22:01] Saving 7 values; 368 bytes
[2021-04-10 21:22:01] Saving 7 values; 368 bytes
[2021-04-10 21:22:02] Saving 7 values; 368 bytes
[2021-04-10 21:22:31] Saving 7 values; 368 bytes
[2021-04-10 21:23:31] Saving 7 values; 368 bytes
[2021-04-10 21:24:30] Loaded 7 values
[2021-04-10 21:24:30] Backed up config/settings.bin to config/settings_backup.bin (368 bytes)
[2021-04-10 21:24:31] Saving 7 values; 368 bytes
[2021-04-10 21:24:31] Saving 7 values; 368 bytes
[2021-04-10 21:24:31] Saving 7 values; 368 bytes
[2021-04-10 21:25:14] Loaded 7 values
[2021-04-10 21:25:14] Backed up config/settings.bin to config/settings_backup.bin (368 bytes)
[2021-04-10 21:25:16] Saving 7 values; 368 bytes
[2021-04-10 21:25:16] Saving 7 values; 368 bytes
[2021-04-10 21:25:17] Saving 7 values; 368 bytes
[2021-04-10 21:25:59] Loaded 7 values
[2021-04-10 21:25:59] Backed up config/settings.bin to config/settings_backup.bin (368 bytes)
[2021-04-10 21:26:01] Saving 7 values; 368 bytes
[2021-04-10 21:26:01] Saving 7 values; 368 bytes
[2021-04-10 21:26:02] Saving 7 values; 368 bytes
[2021-04-10 21:26:50] Loaded 7 values
[2021-04-10 21:26:50] Backed up config/settings.bin to config/settings_backup.bin (368 bytes)
[2021-04-10 21:26:51] Saving 7 values; 368 bytes
[2021-04-10 21:26:51] Saving 7 values; 368 bytes
[2021-04-10 21:26:52] Saving 7 values; 368 bytes
[2021-04-10 21:27:51] Saving 7 values; 368 bytes
[2021-04-10 21:28:42] Loaded 7 values
[2021-04-10 21:28:42] Backed up config/settings.bin to config/settings_backup.bin (368 bytes)
[2021-04-10 21:28:43] Saving 7 values; 368 bytes
[2021-04-10 21:28:43] Saving 7 values; 368 bytes
[2021-04-10 21:28:44] Saving 7 values; 368 bytes
[2021-04-10 21:29:43] Saving 7 values; 368 bytes
[2021-04-10 21:30:43] Saving 7 values; 368 bytes
[2021-04-10 21:31:43] Saving 7 values; 368 bytes
[2021-04-10 21:32:43] Saving 7 values; 368 bytes
[2021-04-10 21:33:43] Saving 7 values; 368 bytes
[2021-04-10 21:34:43] Saving 7 values; 368 bytes
[2021-04-10 21:35:43] Saving 7 values; 368 bytes
[2021-04-10 21:36:34] Loaded 7 values
[2021-04-10 21:36:34] Backed up config/settings.bin to config/settings_backup.bin (368 bytes)
[2021-04-10 21:36:35] Saving 7 values; 368 bytes
[2021-04-10 21:36:35] Saving 7 values; 368 bytes
[2021-04-10 21:36:36] Saving 7 values; 368 bytes
[2021-04-10 21:37:35] Saving 7 values; 368 bytes
[2021-04-10 21:38:35] Saving 7 values; 368 bytes
[2021-04-10 21:39:35] Saving 7 values; 368 bytes
[2021-04-10 21:40:35] Saving 7 values; 368 bytes
[2021-04-10 21:41:35] Saving 7 values; 368 bytes
[2021-04-10 21:42:35] Saving 7 values; 368 bytes
[2021-04-10 21:43:05] Saving 7 values; 368 bytes
[2021-04-10 21:43:05] Saving 7 values; 368 bytes
[2021-04-10 21:43:05] Saving 7 values; 368 bytes
[2021-04-10 21:43:35] Saving 7 values; 368 bytes
[2021-04-10 21:44:35] Saving 7 values; 368 bytes
[2021-04-10 21:45:35] Saving 7 values; 368 bytes
[2021-04-10 21:46:35] Saving 7 values; 368 bytes
[2021-04-10 21:47:35] Saving 7 values; 368 bytes
[2021-04-10 21:48:35] Saving 7 values; 368 bytes
[2021-04-10 21:49:06] Saving 7 values; 368 bytes
[2021-04-10 21:49:06] Saving 7 values; 368 bytes
[2021-04-10 21:49:06] Saving 7 values; 368 bytes
[2021-04-10 21:49:35] Saving 7 values; 368 bytes
[2021-04-10 21:50:35] Saving 7 values; 368 bytes
[2021-04-10 21:51:35] Saving 7 values; 368 bytes
[2021-04-10 21:52:35] Saving 7 values; 368 bytes
[2021-04-10 21:53:35] Saving 7 values; 368 bytes
[2021-04-10 21:54:35] Saving 7 values; 368 bytes
[2021-04-10 21:55:02] Saving 7 values; 368 bytes
[2021-04-10 21:55:02] Saving 7 values; 368 bytes
[2021-04-10 21:55:02] Saving 7 values; 368 bytes
[2021-04-10 21:55:35] Saving 7 values; 368 bytes
[2021-04-10 21:56:35] Saving 7 values; 368 bytes
[2021-04-10 21:57:35] Saving 7 values; 368 bytes
[2021-04-10 21:58:35] Saving 7 values; 368 bytes
[2021-04-10 21:59:35] Saving 7 values; 368 bytes
[2021-04-10 22:00:35] Saving 7 values; 368 bytes
[2021-04-10 22:01:03] Saving 7 values; 368 bytes
[2021-04-10 22:01:03] Saving 7 values; 368 bytes
[2021-04-10 22:01:03] Saving 7 values; 368 bytes
[2021-04-10 22:01:35] Saving 7 values; 368 bytes
[2021-04-10 22:02:35] Saving 7 values; 368 bytes
[2021-04-10 22:03:35] Saving 7 values; 368 bytes
[2021-04-10 22:04:35] Saving 7 values; 368 bytes
[2021-04-10 22:05:35] Saving 7 values; 368 bytes
[2021-04-10 22:06:35] Saving 7 values; 368 bytes
[2021-04-10 22:07:00] Saving 7 values; 368 bytes
[2021-04-10 22:07:00] Saving 7 values; 368 bytes
[2021-04-10 22:07:00] Saving 7 values; 368 bytes
[2021-04-10 22:07:35] Saving 7 values; 368 bytes
[2021-04-10 22:08:35] Saving 7 values; 368 bytes
[2021-04-10 22:09:35] Saving 7 values; 368 bytes
[2021-04-10 22:10:35] Saving 7 values; 368 bytes
[2021-04-10 22:11:35] Saving 7 values; 368 bytes
[2021-04-10 22:12:35] Saving 7 values; 368 bytes
[2021-04-10 22:13:13] Saving 7 values; 368 bytes
[2021-04-10 22:13:13] Saving 7 values; 368 bytes
[2021-04-10 22:13:13] Saving 7 values; 368 bytes
[2021-04-10 22:13:35] Saving 7 values; 368 bytes
[2021-04-10 22:14:35] Saving 7 values; 368 bytes
[2021-04-10 22:15:35] Saving 7 values; 368 bytes
[2021-04-10 22:16:35] Saving 7 values; 368 bytes
[2021-04-10 22:17:35] Saving 7 values; 368 bytes
[2021-04-10 22:18:35] Saving 7 values; 368 bytes
[2021-04-10 22:19:14] Saving 7 values; 368 bytes
[2021-04-10 22:19:14] Saving 7 values; 368 bytes
[2021-04-10 22:19:15] Saving 7 values; 368 bytes
[2021-04-10 22:19:35] Saving 7 values; 368 bytes
[2021-04-10 22:20:35] Saving 7 values; 368 bytes
[2021-04-10 22:21:35] Saving 7 values; 368 bytes
[2021-04-10 22:22:35] Saving 7 values; 368 bytes
[2021-04-10 22:23:35] Saving 7 values; 368 bytes
[2021-04-10 22:24:35] Saving 7 values; 368 bytes
[2021-04-10 22:25:35] Saving 7 values; 368 bytes
[2021-04-10 22:26:02] Saving 7 values; 368 bytes
[2021-04-10 22:26:02] Saving 7 values; 368 bytes
[2021-04-10 22:26:03] Saving 7 values; 368 bytes
[2021-04-10 22:26:35] Saving 7 values; 368 bytes
[2021-04-10 22:27:35] Saving 7 values; 368 bytes
[2021-04-10 22:28:35] Saving 7 values; 368 bytes
[2021-04-10 22:29:35] Saving 7 values; 368 bytes
[2021-04-10 22:30:35] Saving 7 values; 368 bytes
[2021-04-10 22:31:32] Saving 7 values; 368 bytes
[2021-04-10 22:31:32] Saving 7 values; 368 bytes
[2021-04-10 22:31:32] Saving 7 values; 368 bytes
[2021-04-10 22:31:35] Saving 7 values; 368 bytes
[2021-04-10 22:32:35] Saving 7 values; 368 bytes
[2021-04-10 22:33:37] Saving 7 values; 368 bytes
[2021-04-10 22:34:37] Saving 7 values; 368 bytes
[2021-04-10 22:35:37] Saving 7 values; 368 bytes
[2021-04-10 22:36:37] Saving 7 values; 368 bytes
[2021-04-10 22:37:37] Saving 7 values; 368 bytes
[2021-04-10 22:38:37] Saving 7 values; 368 bytes
[2021-04-10 22:38:56] Saving 7 values; 368 bytes
[2021-04-10 22:38:56] Saving 7 values; 368 bytes
[2021-04-10 22:38:56] Saving 7 values; 368 bytes
[2021-04-10 22:39:37] Saving 7 values; 368 bytes
[2021-04-10 22:40:37] Saving 7 values; 368 bytes
[2021-04-10 22:41:37] Saving 7 values; 368 bytes
[2021-04-10 22:42:37] Saving 7 values; 368 bytes
[2021-04-10 22:43:37] Saving 7 values; 368 bytes
[2021-04-10 22:44:25] Saving 7 values; 368 bytes
[2021-04-10 22:44:25] Saving 7 values; 368 bytes
[2021-04-10 22:44:26] Saving 7 values; 368 bytes
[2021-04-10 22:44:37] Saving 7 values; 368 bytes
[2021-04-10 22:45:37] Saving 7 values; 368 bytes
[2021-04-10 22:46:37] Saving 7 values; 368 bytes
[2021-04-10 22:47:37] Saving 7 values; 368 bytes
[2021-04-10 22:48:37] Saving 7 values; 368 bytes
[2021-04-10 22:49:37] Saving 7 values; 368 bytes
[2021-04-10 22:50:37] Saving 7 values; 368 bytes
[2021-04-10 22:51:11] Saving 7 values; 368 bytes
[2021-04-10 22:51:11] Saving 7 values; 368 bytes
[2021-04-10 22:51:11] Saving 7 values; 368 bytes
[2021-04-10 22:51:37] Saving 7 values; 368 bytes
[2021-04-10 22:52:37] Saving 7 values; 368 bytes
[2021-04-10 22:53:37] Saving 7 values; 368 bytes
[2021-04-10 22:54:37] Saving 7 values; 368 bytes
[2021-04-10 22:55:37] Saving 7 values; 368 bytes
[2021-04-10 22:56:37] Saving 7 values; 368 bytes
[2021-04-10 22:57:37] Saving 7 values; 368 bytes
[2021-04-10 22:57:37] Saving 7 values; 368 bytes
[2021-04-10 22:57:37] Saving 7 values; 368 bytes
[2021-04-10 22:57:37] Saving 7 values; 368 bytes
[2021-04-10 22:58:37] Saving 7 values; 368 bytes
[2021-04-10 22:59:37] Saving 7 values; 368 bytes
[2021-04-10 23:00:37] Saving 7 values; 368 bytes
[2021-04-11 10:24:06] Loaded 7 values
[2021-04-11 10:24:06] Backed up config/settings.bin to config/settings_backup.bin (368 bytes)
[2021-04-11 10:24:08] Saving 7 values; 368 bytes
[2021-04-11 10:24:08] Saving 7 values; 368 bytes
[2021-04-11 10:24:09] Saving 7 values; 368 bytes
[2021-04-11 10:25:03] Saving 7 values; 368 bytes
[2021-04-11 10:25:03] Saving 7 values; 368 bytes
[2021-04-11 10:25:03] Saving 7 values; 368 bytes
[2021-04-11 10:25:08] Saving 7 values; 368 bytes
[2021-04-11 10:25:58] Loaded 7 values
[2021-04-11 10:25:58] Backed up config/settings.bin to config/settings_backup.bin (368 bytes)
[2021-04-11 10:26:00] Saving 7 values; 368 bytes
[2021-04-11 10:26:00] Saving 7 values; 368 bytes
[2021-04-11 10:26:01] Saving 7 values; 368 bytes
[2021-04-11 10:27:00] Saving 7 values; 368 bytes
